RUN	livrosSim.RecordedSimulation		recordedsimulation	1535944342929	 	2.0
USER	RecordedSimulation	1	START	1535944344641	1535944344641
USER	RecordedSimulation	2	START	1535944344825	1535944344825
USER	RecordedSimulation	3	START	1535944344925	1535944344925
USER	RecordedSimulation	4	START	1535944345025	1535944345025
USER	RecordedSimulation	5	START	1535944345135	1535944345135
USER	RecordedSimulation	6	START	1535944345236	1535944345236
USER	RecordedSimulation	7	START	1535944345335	1535944345335
USER	RecordedSimulation	8	START	1535944345435	1535944345435
USER	RecordedSimulation	9	START	1535944345535	1535944345535
USER	RecordedSimulation	10	START	1535944345635	1535944345635
USER	RecordedSimulation	11	START	1535944345736	1535944345736
USER	RecordedSimulation	12	START	1535944345846	1535944345846
USER	RecordedSimulation	13	START	1535944345945	1535944345945
USER	RecordedSimulation	14	START	1535944346046	1535944346046
USER	RecordedSimulation	15	START	1535944346156	1535944346156
REQUEST	RecordedSimulation	3		Request 1 - Login	1535944344925	1535944346149	OK	 
REQUEST	RecordedSimulation	5		Request 1 - Login	1535944345135	1535944346152	OK	 
REQUEST	RecordedSimulation	4		Request 1 - Login	1535944345025	1535944346149	OK	 
REQUEST	RecordedSimulation	1		Request 1 - Login	1535944344690	1535944346148	OK	 
REQUEST	RecordedSimulation	2		Request 1 - Login	1535944344825	1535944346149	OK	 
REQUEST	RecordedSimulation	6		Request 1 - Login	1535944345236	1535944346247	OK	 
USER	RecordedSimulation	16	START	1535944346255	1535944346255
REQUEST	RecordedSimulation	7		Request 1 - Login	1535944345336	1535944346348	OK	 
USER	RecordedSimulation	17	START	1535944346355	1535944346355
REQUEST	RecordedSimulation	8		Request 1 - Login	1535944345436	1535944346446	OK	 
USER	RecordedSimulation	18	START	1535944346455	1535944346455
REQUEST	RecordedSimulation	9		Request 1 - Login	1535944345535	1535944346547	OK	 
USER	RecordedSimulation	19	START	1535944346555	1535944346555
REQUEST	RecordedSimulation	10		Request 1 - Login	1535944345635	1535944346648	OK	 
USER	RecordedSimulation	20	START	1535944346655	1535944346655
USER	RecordedSimulation	22	START	1535944346745	1535944346745
REQUEST	RecordedSimulation	11		Request 1 - Login	1535944345736	1535944346752	OK	 
USER	RecordedSimulation	21	START	1535944346755	1535944346755
USER	RecordedSimulation	23	START	1535944346846	1535944346846
REQUEST	RecordedSimulation	12		Request 1 - Login	1535944345846	1535944346857	OK	 
USER	RecordedSimulation	24	START	1535944346946	1535944346946
REQUEST	RecordedSimulation	13		Request 1 - Login	1535944345945	1535944346959	OK	 
USER	RecordedSimulation	25	START	1535944347045	1535944347045
REQUEST	RecordedSimulation	14		Request 1 - Login	1535944346046	1535944347055	OK	 
USER	RecordedSimulation	26	START	1535944347146	1535944347146
REQUEST	RecordedSimulation	15		Request 1 - Login	1535944346156	1535944347166	OK	 
USER	RecordedSimulation	27	START	1535944347245	1535944347245
REQUEST	RecordedSimulation	16		Request 1 - Login	1535944346255	1535944347263	OK	 
USER	RecordedSimulation	28	START	1535944347345	1535944347345
REQUEST	RecordedSimulation	17		Request 1 - Login	1535944346355	1535944347363	OK	 
REQUEST	RecordedSimulation	1		Request 2 - Livros	1535944347165	1535944347423	OK	 
REQUEST	RecordedSimulation	4		Request 2 - Livros	1535944347176	1535944347423	OK	 
REQUEST	RecordedSimulation	2		Request 2 - Livros	1535944347165	1535944347423	OK	 
REQUEST	RecordedSimulation	3		Request 2 - Livros	1535944347175	1535944347423	OK	 
REQUEST	RecordedSimulation	5		Request 2 - Livros	1535944347186	1535944347426	OK	 
USER	RecordedSimulation	29	START	1535944347446	1535944347446
REQUEST	RecordedSimulation	18		Request 1 - Login	1535944346455	1535944347462	OK	 
REQUEST	RecordedSimulation	6		Request 2 - Livros	1535944347266	1535944347473	OK	 
USER	RecordedSimulation	30	START	1535944347545	1535944347545
REQUEST	RecordedSimulation	19		Request 1 - Login	1535944346555	1535944347561	OK	 
REQUEST	RecordedSimulation	7		Request 2 - Livros	1535944347366	1535944347574	OK	 
USER	RecordedSimulation	31	START	1535944347645	1535944347645
REQUEST	RecordedSimulation	20		Request 1 - Login	1535944346656	1535944347665	OK	 
REQUEST	RecordedSimulation	8		Request 2 - Livros	1535944347465	1535944347672	OK	 
USER	RecordedSimulation	32	START	1535944347745	1535944347745
REQUEST	RecordedSimulation	22		Request 1 - Login	1535944346746	1535944347759	OK	 
REQUEST	RecordedSimulation	21		Request 1 - Login	1535944346756	1535944347761	OK	 
REQUEST	RecordedSimulation	9		Request 2 - Livros	1535944347566	1535944347771	OK	 
USER	RecordedSimulation	33	START	1535944347845	1535944347845
REQUEST	RecordedSimulation	23		Request 1 - Login	1535944346847	1535944347856	OK	 
REQUEST	RecordedSimulation	10		Request 2 - Livros	1535944347665	1535944347876	OK	 
USER	RecordedSimulation	34	START	1535944347946	1535944347946
REQUEST	RecordedSimulation	24		Request 1 - Login	1535944346946	1535944347961	OK	 
REQUEST	RecordedSimulation	11		Request 2 - Livros	1535944347765	1535944347970	OK	 
USER	RecordedSimulation	35	START	1535944348045	1535944348045
REQUEST	RecordedSimulation	25		Request 1 - Login	1535944347046	1535944348053	OK	 
REQUEST	RecordedSimulation	12		Request 2 - Livros	1535944347876	1535944348085	OK	 
USER	RecordedSimulation	36	START	1535944348145	1535944348145
REQUEST	RecordedSimulation	26		Request 1 - Login	1535944347146	1535944348156	OK	 
REQUEST	RecordedSimulation	13		Request 2 - Livros	1535944347975	1535944348181	OK	 
USER	RecordedSimulation	37	START	1535944348245	1535944348245
REQUEST	RecordedSimulation	27		Request 1 - Login	1535944347245	1535944348254	OK	 
REQUEST	RecordedSimulation	14		Request 2 - Livros	1535944348076	1535944348283	OK	 
USER	RecordedSimulation	38	START	1535944348345	1535944348345
REQUEST	RecordedSimulation	28		Request 1 - Login	1535944347346	1535944348351	OK	 
REQUEST	RecordedSimulation	15		Request 2 - Livros	1535944348185	1535944348390	OK	 
USER	RecordedSimulation	39	START	1535944348445	1535944348445
REQUEST	RecordedSimulation	29		Request 1 - Login	1535944347446	1535944348453	OK	 
REQUEST	RecordedSimulation	16		Request 2 - Livros	1535944348275	1535944348483	OK	 
USER	RecordedSimulation	40	START	1535944348545	1535944348545
REQUEST	RecordedSimulation	30		Request 1 - Login	1535944347546	1535944348556	OK	 
REQUEST	RecordedSimulation	17		Request 2 - Livros	1535944348375	1535944348580	OK	 
USER	RecordedSimulation	41	START	1535944348646	1535944348646
REQUEST	RecordedSimulation	31		Request 1 - Login	1535944347645	1535944348653	OK	 
REQUEST	RecordedSimulation	18		Request 2 - Livros	1535944348475	1535944348682	OK	 
USER	RecordedSimulation	42	START	1535944348745	1535944348745
REQUEST	RecordedSimulation	32		Request 1 - Login	1535944347746	1535944348754	OK	 
REQUEST	RecordedSimulation	19		Request 2 - Livros	1535944348576	1535944348782	OK	 
USER	RecordedSimulation	43	START	1535944348845	1535944348845
REQUEST	RecordedSimulation	33		Request 1 - Login	1535944347845	1535944348854	OK	 
REQUEST	RecordedSimulation	20		Request 2 - Livros	1535944348686	1535944348894	OK	 
USER	RecordedSimulation	44	START	1535944348945	1535944348945
REQUEST	RecordedSimulation	34		Request 1 - Login	1535944347946	1535944348963	OK	 
REQUEST	RecordedSimulation	22		Request 2 - Livros	1535944348776	1535944348983	OK	 
REQUEST	RecordedSimulation	21		Request 2 - Livros	1535944348776	1535944348986	OK	 
USER	RecordedSimulation	45	START	1535944349045	1535944349045
REQUEST	RecordedSimulation	35		Request 1 - Login	1535944348045	1535944349058	OK	 
REQUEST	RecordedSimulation	23		Request 2 - Livros	1535944348875	1535944349081	OK	 
USER	RecordedSimulation	46	START	1535944349145	1535944349145
REQUEST	RecordedSimulation	36		Request 1 - Login	1535944348145	1535944349152	OK	 
REQUEST	RecordedSimulation	24		Request 2 - Livros	1535944348976	1535944349182	OK	 
USER	RecordedSimulation	47	START	1535944349245	1535944349245
REQUEST	RecordedSimulation	37		Request 1 - Login	1535944348245	1535944349252	OK	 
REQUEST	RecordedSimulation	25		Request 2 - Livros	1535944349065	1535944349269	OK	 
USER	RecordedSimulation	48	START	1535944349346	1535944349346
REQUEST	RecordedSimulation	38		Request 1 - Login	1535944348345	1535944349353	OK	 
REQUEST	RecordedSimulation	26		Request 2 - Livros	1535944349176	1535944349381	OK	 
USER	RecordedSimulation	49	START	1535944349445	1535944349445
REQUEST	RecordedSimulation	39		Request 1 - Login	1535944348445	1535944349453	OK	 
REQUEST	RecordedSimulation	27		Request 2 - Livros	1535944349276	1535944349481	OK	 
USER	RecordedSimulation	50	START	1535944349546	1535944349546
REQUEST	RecordedSimulation	40		Request 1 - Login	1535944348545	1535944349552	OK	 
REQUEST	RecordedSimulation	28		Request 2 - Livros	1535944349365	1535944349571	OK	 
USER	RecordedSimulation	51	START	1535944349645	1535944349645
REQUEST	RecordedSimulation	41		Request 1 - Login	1535944348646	1535944349654	OK	 
REQUEST	RecordedSimulation	29		Request 2 - Livros	1535944349466	1535944349671	OK	 
USER	RecordedSimulation	52	START	1535944349745	1535944349745
REQUEST	RecordedSimulation	42		Request 1 - Login	1535944348746	1535944349756	OK	 
REQUEST	RecordedSimulation	30		Request 2 - Livros	1535944349575	1535944349779	OK	 
USER	RecordedSimulation	53	START	1535944349846	1535944349846
REQUEST	RecordedSimulation	43		Request 1 - Login	1535944348846	1535944349853	OK	 
REQUEST	RecordedSimulation	31		Request 2 - Livros	1535944349665	1535944349870	OK	 
USER	RecordedSimulation	54	START	1535944349945	1535944349945
REQUEST	RecordedSimulation	44		Request 1 - Login	1535944348946	1535944349958	OK	 
REQUEST	RecordedSimulation	32		Request 2 - Livros	1535944349766	1535944349971	OK	 
USER	RecordedSimulation	55	START	1535944350045	1535944350045
REQUEST	RecordedSimulation	45		Request 1 - Login	1535944349046	1535944350052	OK	 
REQUEST	RecordedSimulation	33		Request 2 - Livros	1535944349865	1535944350072	OK	 
USER	RecordedSimulation	56	START	1535944350145	1535944350145
REQUEST	RecordedSimulation	46		Request 1 - Login	1535944349146	1535944350154	OK	 
REQUEST	RecordedSimulation	34		Request 2 - Livros	1535944349975	1535944350179	OK	 
USER	RecordedSimulation	57	START	1535944350245	1535944350245
REQUEST	RecordedSimulation	47		Request 1 - Login	1535944349246	1535944350252	OK	 
REQUEST	RecordedSimulation	35		Request 2 - Livros	1535944350076	1535944350280	OK	 
USER	RecordedSimulation	58	START	1535944350345	1535944350345
REQUEST	RecordedSimulation	48		Request 1 - Login	1535944349346	1535944350357	OK	 
REQUEST	RecordedSimulation	36		Request 2 - Livros	1535944350165	1535944350370	OK	 
USER	RecordedSimulation	59	START	1535944350445	1535944350445
REQUEST	RecordedSimulation	49		Request 1 - Login	1535944349445	1535944350451	OK	 
REQUEST	RecordedSimulation	37		Request 2 - Livros	1535944350266	1535944350470	OK	 
USER	RecordedSimulation	60	START	1535944350545	1535944350545
REQUEST	RecordedSimulation	50		Request 1 - Login	1535944349546	1535944350555	OK	 
REQUEST	RecordedSimulation	38		Request 2 - Livros	1535944350376	1535944350579	OK	 
USER	RecordedSimulation	61	START	1535944350645	1535944350645
REQUEST	RecordedSimulation	51		Request 1 - Login	1535944349645	1535944350650	OK	 
REQUEST	RecordedSimulation	39		Request 2 - Livros	1535944350466	1535944350669	OK	 
USER	RecordedSimulation	62	START	1535944350745	1535944350745
REQUEST	RecordedSimulation	52		Request 1 - Login	1535944349746	1535944350754	OK	 
REQUEST	RecordedSimulation	40		Request 2 - Livros	1535944350566	1535944350770	OK	 
USER	RecordedSimulation	63	START	1535944350845	1535944350845
REQUEST	RecordedSimulation	53		Request 1 - Login	1535944349846	1535944350855	OK	 
REQUEST	RecordedSimulation	41		Request 2 - Livros	1535944350665	1535944350869	OK	 
USER	RecordedSimulation	64	START	1535944350945	1535944350945
REQUEST	RecordedSimulation	54		Request 1 - Login	1535944349945	1535944350952	OK	 
REQUEST	RecordedSimulation	42		Request 2 - Livros	1535944350775	1535944350980	OK	 
USER	RecordedSimulation	65	START	1535944351046	1535944351046
REQUEST	RecordedSimulation	55		Request 1 - Login	1535944350045	1535944351052	OK	 
REQUEST	RecordedSimulation	43		Request 2 - Livros	1535944350866	1535944351070	OK	 
USER	RecordedSimulation	66	START	1535944351145	1535944351145
REQUEST	RecordedSimulation	56		Request 1 - Login	1535944350145	1535944351151	OK	 
REQUEST	RecordedSimulation	44		Request 2 - Livros	1535944350975	1535944351179	OK	 
USER	RecordedSimulation	67	START	1535944351245	1535944351245
REQUEST	RecordedSimulation	57		Request 1 - Login	1535944350245	1535944351251	OK	 
REQUEST	RecordedSimulation	45		Request 2 - Livros	1535944351065	1535944351268	OK	 
USER	RecordedSimulation	68	START	1535944351346	1535944351346
REQUEST	RecordedSimulation	58		Request 1 - Login	1535944350345	1535944351352	OK	 
REQUEST	RecordedSimulation	46		Request 2 - Livros	1535944351165	1535944351370	OK	 
USER	RecordedSimulation	69	START	1535944351445	1535944351445
REQUEST	RecordedSimulation	59		Request 1 - Login	1535944350445	1535944351451	OK	 
REQUEST	RecordedSimulation	47		Request 2 - Livros	1535944351265	1535944351469	OK	 
USER	RecordedSimulation	70	START	1535944351545	1535944351545
REQUEST	RecordedSimulation	60		Request 1 - Login	1535944350545	1535944351551	OK	 
REQUEST	RecordedSimulation	48		Request 2 - Livros	1535944351375	1535944351581	OK	 
USER	RecordedSimulation	71	START	1535944351645	1535944351645
REQUEST	RecordedSimulation	61		Request 1 - Login	1535944350645	1535944351651	OK	 
REQUEST	RecordedSimulation	49		Request 2 - Livros	1535944351465	1535944351668	OK	 
USER	RecordedSimulation	72	START	1535944351745	1535944351745
REQUEST	RecordedSimulation	62		Request 1 - Login	1535944350746	1535944351755	OK	 
REQUEST	RecordedSimulation	50		Request 2 - Livros	1535944351575	1535944351780	OK	 
USER	RecordedSimulation	73	START	1535944351845	1535944351845
REQUEST	RecordedSimulation	63		Request 1 - Login	1535944350846	1535944351854	OK	 
REQUEST	RecordedSimulation	51		Request 2 - Livros	1535944351665	1535944351870	OK	 
USER	RecordedSimulation	74	START	1535944351945	1535944351945
REQUEST	RecordedSimulation	64		Request 1 - Login	1535944350946	1535944351955	OK	 
REQUEST	RecordedSimulation	52		Request 2 - Livros	1535944351765	1535944351970	OK	 
USER	RecordedSimulation	75	START	1535944352045	1535944352045
REQUEST	RecordedSimulation	65		Request 1 - Login	1535944351046	1535944352052	OK	 
REQUEST	RecordedSimulation	53		Request 2 - Livros	1535944351875	1535944352081	OK	 
USER	RecordedSimulation	76	START	1535944352145	1535944352145
REQUEST	RecordedSimulation	66		Request 1 - Login	1535944351145	1535944352152	OK	 
REQUEST	RecordedSimulation	54		Request 2 - Livros	1535944351966	1535944352170	OK	 
USER	RecordedSimulation	77	START	1535944352245	1535944352245
REQUEST	RecordedSimulation	67		Request 1 - Login	1535944351245	1535944352250	OK	 
REQUEST	RecordedSimulation	55		Request 2 - Livros	1535944352066	1535944352270	OK	 
USER	RecordedSimulation	78	START	1535944352345	1535944352345
REQUEST	RecordedSimulation	68		Request 1 - Login	1535944351346	1535944352353	OK	 
REQUEST	RecordedSimulation	56		Request 2 - Livros	1535944352165	1535944352369	OK	 
USER	RecordedSimulation	79	START	1535944352445	1535944352445
REQUEST	RecordedSimulation	69		Request 1 - Login	1535944351446	1535944352453	OK	 
REQUEST	RecordedSimulation	57		Request 2 - Livros	1535944352266	1535944352469	OK	 
USER	RecordedSimulation	80	START	1535944352545	1535944352545
REQUEST	RecordedSimulation	70		Request 1 - Login	1535944351546	1535944352553	OK	 
REQUEST	RecordedSimulation	58		Request 2 - Livros	1535944352366	1535944352570	OK	 
USER	RecordedSimulation	81	START	1535944352646	1535944352646
REQUEST	RecordedSimulation	71		Request 1 - Login	1535944351645	1535944352652	OK	 
REQUEST	RecordedSimulation	59		Request 2 - Livros	1535944352466	1535944352669	OK	 
USER	RecordedSimulation	82	START	1535944352745	1535944352745
REQUEST	RecordedSimulation	72		Request 1 - Login	1535944351745	1535944352755	OK	 
REQUEST	RecordedSimulation	60		Request 2 - Livros	1535944352565	1535944352770	OK	 
USER	RecordedSimulation	83	START	1535944352845	1535944352845
REQUEST	RecordedSimulation	73		Request 1 - Login	1535944351846	1535944352856	OK	 
REQUEST	RecordedSimulation	61		Request 2 - Livros	1535944352665	1535944352869	OK	 
USER	RecordedSimulation	84	START	1535944352946	1535944352946
REQUEST	RecordedSimulation	74		Request 1 - Login	1535944351946	1535944352956	OK	 
REQUEST	RecordedSimulation	62		Request 2 - Livros	1535944352776	1535944352980	OK	 
USER	RecordedSimulation	85	START	1535944353045	1535944353045
REQUEST	RecordedSimulation	75		Request 1 - Login	1535944352046	1535944353052	OK	 
REQUEST	RecordedSimulation	63		Request 2 - Livros	1535944352865	1535944353070	OK	 
USER	RecordedSimulation	86	START	1535944353145	1535944353145
REQUEST	RecordedSimulation	76		Request 1 - Login	1535944352146	1535944353151	OK	 
REQUEST	RecordedSimulation	64		Request 2 - Livros	1535944352965	1535944353169	OK	 
USER	RecordedSimulation	87	START	1535944353245	1535944353245
REQUEST	RecordedSimulation	77		Request 1 - Login	1535944352246	1535944353251	OK	 
REQUEST	RecordedSimulation	65		Request 2 - Livros	1535944353065	1535944353269	OK	 
USER	RecordedSimulation	88	START	1535944353345	1535944353345
REQUEST	RecordedSimulation	78		Request 1 - Login	1535944352346	1535944353352	OK	 
REQUEST	RecordedSimulation	66		Request 2 - Livros	1535944353166	1535944353369	OK	 
USER	RecordedSimulation	89	START	1535944353445	1535944353445
REQUEST	RecordedSimulation	79		Request 1 - Login	1535944352446	1535944353451	OK	 
REQUEST	RecordedSimulation	67		Request 2 - Livros	1535944353265	1535944353468	OK	 
USER	RecordedSimulation	90	START	1535944353545	1535944353545
REQUEST	RecordedSimulation	80		Request 1 - Login	1535944352545	1535944353553	OK	 
REQUEST	RecordedSimulation	68		Request 2 - Livros	1535944353365	1535944353569	OK	 
REQUEST	RecordedSimulation	2		Request 3 - Compra	1535944352425	1535944353639	OK	 
REQUEST	RecordedSimulation	4		Request 3 - Compra	1535944352415	1535944353640	OK	 
REQUEST	RecordedSimulation	3		Request 3 - Compra	1535944352415	1535944353643	OK	 
REQUEST	RecordedSimulation	1		Request 3 - Compra	1535944352425	1535944353644	OK	 
USER	RecordedSimulation	91	START	1535944353645	1535944353645
USER	RecordedSimulation	2	END	1535944344825	1535944353646
REQUEST	RecordedSimulation	5		Request 3 - Compra	1535944352415	1535944353646	OK	 
USER	RecordedSimulation	4	END	1535944345025	1535944353648
USER	RecordedSimulation	1	END	1535944344641	1535944353649
USER	RecordedSimulation	3	END	1535944344925	1535944353649
USER	RecordedSimulation	5	END	1535944345135	1535944353649
REQUEST	RecordedSimulation	81		Request 1 - Login	1535944352646	1535944353653	OK	 
REQUEST	RecordedSimulation	69		Request 2 - Livros	1535944353466	1535944353668	OK	 
REQUEST	RecordedSimulation	6		Request 3 - Compra	1535944352475	1535944353679	OK	 
USER	RecordedSimulation	6	END	1535944345236	1535944353680
USER	RecordedSimulation	92	START	1535944353745	1535944353745
REQUEST	RecordedSimulation	82		Request 1 - Login	1535944352745	1535944353752	OK	 
REQUEST	RecordedSimulation	70		Request 2 - Livros	1535944353566	1535944353771	OK	 
REQUEST	RecordedSimulation	7		Request 3 - Compra	1535944352576	1535944353780	OK	 
USER	RecordedSimulation	7	END	1535944345335	1535944353781
USER	RecordedSimulation	93	START	1535944353845	1535944353845
REQUEST	RecordedSimulation	83		Request 1 - Login	1535944352845	1535944353853	OK	 
REQUEST	RecordedSimulation	71		Request 2 - Livros	1535944353665	1535944353868	OK	 
REQUEST	RecordedSimulation	8		Request 3 - Compra	1535944352665	1535944353871	OK	 
USER	RecordedSimulation	8	END	1535944345435	1535944353872
USER	RecordedSimulation	94	START	1535944353946	1535944353946
REQUEST	RecordedSimulation	84		Request 1 - Login	1535944352946	1535944353956	OK	 
REQUEST	RecordedSimulation	72		Request 2 - Livros	1535944353775	1535944353980	OK	 
REQUEST	RecordedSimulation	9		Request 3 - Compra	1535944352776	1535944353981	OK	 
USER	RecordedSimulation	9	END	1535944345535	1535944353982
USER	RecordedSimulation	95	START	1535944354045	1535944354045
REQUEST	RecordedSimulation	85		Request 1 - Login	1535944353046	1535944354052	OK	 
REQUEST	RecordedSimulation	10		Request 3 - Compra	1535944352876	1535944354081	OK	 
USER	RecordedSimulation	10	END	1535944345635	1535944354082
REQUEST	RecordedSimulation	73		Request 2 - Livros	1535944353876	1535944354082	OK	 
USER	RecordedSimulation	96	START	1535944354145	1535944354145
REQUEST	RecordedSimulation	86		Request 1 - Login	1535944353145	1535944354153	OK	 
REQUEST	RecordedSimulation	74		Request 2 - Livros	1535944353975	1535944354178	OK	 
REQUEST	RecordedSimulation	11		Request 3 - Compra	1535944352976	1535944354179	OK	 
USER	RecordedSimulation	11	END	1535944345736	1535944354180
USER	RecordedSimulation	97	START	1535944354245	1535944354245
REQUEST	RecordedSimulation	87		Request 1 - Login	1535944353245	1535944354253	OK	 
REQUEST	RecordedSimulation	75		Request 2 - Livros	1535944354065	1535944354269	OK	 
REQUEST	RecordedSimulation	12		Request 3 - Compra	1535944353096	1535944354300	OK	 
USER	RecordedSimulation	12	END	1535944345846	1535944354301
USER	RecordedSimulation	98	START	1535944354345	1535944354345
REQUEST	RecordedSimulation	88		Request 1 - Login	1535944353346	1535944354353	OK	 
REQUEST	RecordedSimulation	76		Request 2 - Livros	1535944354166	1535944354369	OK	 
REQUEST	RecordedSimulation	13		Request 3 - Compra	1535944353186	1535944354390	OK	 
USER	RecordedSimulation	13	END	1535944345945	1535944354391
USER	RecordedSimulation	99	START	1535944354445	1535944354445
REQUEST	RecordedSimulation	89		Request 1 - Login	1535944353445	1535944354453	OK	 
REQUEST	RecordedSimulation	77		Request 2 - Livros	1535944354266	1535944354469	OK	 
REQUEST	RecordedSimulation	14		Request 3 - Compra	1535944353275	1535944354478	OK	 
USER	RecordedSimulation	14	END	1535944346046	1535944354479
USER	RecordedSimulation	100	START	1535944354545	1535944354545
REQUEST	RecordedSimulation	90		Request 1 - Login	1535944353545	1535944354553	OK	 
REQUEST	RecordedSimulation	78		Request 2 - Livros	1535944354366	1535944354569	OK	 
REQUEST	RecordedSimulation	15		Request 3 - Compra	1535944353396	1535944354601	OK	 
USER	RecordedSimulation	15	END	1535944346156	1535944354602
USER	RecordedSimulation	101	START	1535944354646	1535944354646
REQUEST	RecordedSimulation	91		Request 1 - Login	1535944353645	1535944354655	OK	 
REQUEST	RecordedSimulation	79		Request 2 - Livros	1535944354466	1535944354669	OK	 
REQUEST	RecordedSimulation	16		Request 3 - Compra	1535944353485	1535944354691	OK	 
USER	RecordedSimulation	16	END	1535944346255	1535944354692
USER	RecordedSimulation	102	START	1535944354746	1535944354746
REQUEST	RecordedSimulation	92		Request 1 - Login	1535944353746	1535944354752	OK	 
REQUEST	RecordedSimulation	80		Request 2 - Livros	1535944354565	1535944354769	OK	 
REQUEST	RecordedSimulation	17		Request 3 - Compra	1535944353586	1535944354792	OK	 
USER	RecordedSimulation	17	END	1535944346355	1535944354793
USER	RecordedSimulation	103	START	1535944354845	1535944354845
REQUEST	RecordedSimulation	93		Request 1 - Login	1535944353845	1535944354852	OK	 
REQUEST	RecordedSimulation	81		Request 2 - Livros	1535944354665	1535944354869	OK	 
REQUEST	RecordedSimulation	18		Request 3 - Compra	1535944353686	1535944354890	OK	 
USER	RecordedSimulation	18	END	1535944346455	1535944354891
USER	RecordedSimulation	104	START	1535944354945	1535944354945
REQUEST	RecordedSimulation	94		Request 1 - Login	1535944353946	1535944354956	OK	 
REQUEST	RecordedSimulation	82		Request 2 - Livros	1535944354765	1535944354968	OK	 
REQUEST	RecordedSimulation	19		Request 3 - Compra	1535944353785	1535944354988	OK	 
USER	RecordedSimulation	19	END	1535944346555	1535944354989
USER	RecordedSimulation	105	START	1535944355045	1535944355045
REQUEST	RecordedSimulation	95		Request 1 - Login	1535944354045	1535944355051	OK	 
REQUEST	RecordedSimulation	83		Request 2 - Livros	1535944354866	1535944355070	OK	 
REQUEST	RecordedSimulation	20		Request 3 - Compra	1535944353886	1535944355091	OK	 
USER	RecordedSimulation	20	END	1535944346655	1535944355091
USER	RecordedSimulation	106	START	1535944355145	1535944355145
REQUEST	RecordedSimulation	96		Request 1 - Login	1535944354145	1535944355150	OK	 
REQUEST	RecordedSimulation	84		Request 2 - Livros	1535944354975	1535944355179	OK	 
REQUEST	RecordedSimulation	22		Request 3 - Compra	1535944353985	1535944355190	OK	 
USER	RecordedSimulation	22	END	1535944346745	1535944355191
REQUEST	RecordedSimulation	21		Request 3 - Compra	1535944353995	1535944355199	OK	 
USER	RecordedSimulation	21	END	1535944346755	1535944355200
USER	RecordedSimulation	107	START	1535944355246	1535944355246
REQUEST	RecordedSimulation	97		Request 1 - Login	1535944354245	1535944355250	OK	 
REQUEST	RecordedSimulation	85		Request 2 - Livros	1535944355066	1535944355271	OK	 
REQUEST	RecordedSimulation	23		Request 3 - Compra	1535944354076	1535944355281	OK	 
USER	RecordedSimulation	23	END	1535944346846	1535944355282
USER	RecordedSimulation	108	START	1535944355345	1535944355345
REQUEST	RecordedSimulation	98		Request 1 - Login	1535944354345	1535944355351	OK	 
REQUEST	RecordedSimulation	86		Request 2 - Livros	1535944355165	1535944355369	OK	 
REQUEST	RecordedSimulation	24		Request 3 - Compra	1535944354186	1535944355389	OK	 
USER	RecordedSimulation	24	END	1535944346946	1535944355390
USER	RecordedSimulation	109	START	1535944355445	1535944355445
REQUEST	RecordedSimulation	99		Request 1 - Login	1535944354445	1535944355452	OK	 
REQUEST	RecordedSimulation	87		Request 2 - Livros	1535944355265	1535944355470	OK	 
REQUEST	RecordedSimulation	25		Request 3 - Compra	1535944354276	1535944355479	OK	 
USER	RecordedSimulation	25	END	1535944347045	1535944355479
USER	RecordedSimulation	110	START	1535944355545	1535944355545
REQUEST	RecordedSimulation	100		Request 1 - Login	1535944354545	1535944355551	OK	 
REQUEST	RecordedSimulation	88		Request 2 - Livros	1535944355365	1535944355568	OK	 
REQUEST	RecordedSimulation	26		Request 3 - Compra	1535944354385	1535944355588	OK	 
USER	RecordedSimulation	26	END	1535944347146	1535944355588
USER	RecordedSimulation	111	START	1535944355646	1535944355646
REQUEST	RecordedSimulation	101		Request 1 - Login	1535944354646	1535944355652	OK	 
REQUEST	RecordedSimulation	89		Request 2 - Livros	1535944355466	1535944355669	OK	 
REQUEST	RecordedSimulation	27		Request 3 - Compra	1535944354476	1535944355681	OK	 
USER	RecordedSimulation	27	END	1535944347245	1535944355682
USER	RecordedSimulation	112	START	1535944355746	1535944355746
REQUEST	RecordedSimulation	102		Request 1 - Login	1535944354746	1535944355752	OK	 
REQUEST	RecordedSimulation	90		Request 2 - Livros	1535944355566	1535944355769	OK	 
REQUEST	RecordedSimulation	28		Request 3 - Compra	1535944354575	1535944355779	OK	 
USER	RecordedSimulation	28	END	1535944347345	1535944355780
USER	RecordedSimulation	113	START	1535944355845	1535944355845
REQUEST	RecordedSimulation	103		Request 1 - Login	1535944354846	1535944355852	OK	 
REQUEST	RecordedSimulation	91		Request 2 - Livros	1535944355675	1535944355879	OK	 
REQUEST	RecordedSimulation	29		Request 3 - Compra	1535944354675	1535944355880	OK	 
USER	RecordedSimulation	29	END	1535944347446	1535944355881
USER	RecordedSimulation	114	START	1535944355945	1535944355945
REQUEST	RecordedSimulation	104		Request 1 - Login	1535944354945	1535944355951	OK	 
REQUEST	RecordedSimulation	92		Request 2 - Livros	1535944355765	1535944355968	OK	 
REQUEST	RecordedSimulation	30		Request 3 - Compra	1535944354785	1535944355989	OK	 
USER	RecordedSimulation	30	END	1535944347545	1535944355991
USER	RecordedSimulation	115	START	1535944356045	1535944356045
REQUEST	RecordedSimulation	105		Request 1 - Login	1535944355046	1535944356051	OK	 
REQUEST	RecordedSimulation	93		Request 2 - Livros	1535944355865	1535944356068	OK	 
REQUEST	RecordedSimulation	31		Request 3 - Compra	1535944354876	1535944356079	OK	 
USER	RecordedSimulation	31	END	1535944347645	1535944356080
USER	RecordedSimulation	116	START	1535944356145	1535944356145
REQUEST	RecordedSimulation	106		Request 1 - Login	1535944355145	1535944356152	OK	 
REQUEST	RecordedSimulation	94		Request 2 - Livros	1535944355976	1535944356180	OK	 
REQUEST	RecordedSimulation	32		Request 3 - Compra	1535944354975	1535944356181	OK	 
USER	RecordedSimulation	32	END	1535944347745	1535944356181
USER	RecordedSimulation	117	START	1535944356245	1535944356245
REQUEST	RecordedSimulation	107		Request 1 - Login	1535944355246	1535944356255	OK	 
REQUEST	RecordedSimulation	95		Request 2 - Livros	1535944356066	1535944356269	OK	 
REQUEST	RecordedSimulation	33		Request 3 - Compra	1535944355075	1535944356281	OK	 
USER	RecordedSimulation	33	END	1535944347845	1535944356282
USER	RecordedSimulation	118	START	1535944356346	1535944356346
REQUEST	RecordedSimulation	108		Request 1 - Login	1535944355346	1535944356352	OK	 
REQUEST	RecordedSimulation	96		Request 2 - Livros	1535944356166	1535944356369	OK	 
REQUEST	RecordedSimulation	34		Request 3 - Compra	1535944355186	1535944356392	OK	 
USER	RecordedSimulation	34	END	1535944347946	1535944356393
USER	RecordedSimulation	119	START	1535944356445	1535944356445
REQUEST	RecordedSimulation	109		Request 1 - Login	1535944355446	1535944356453	OK	 
REQUEST	RecordedSimulation	97		Request 2 - Livros	1535944356265	1535944356469	OK	 
REQUEST	RecordedSimulation	35		Request 3 - Compra	1535944355286	1535944356489	OK	 
USER	RecordedSimulation	35	END	1535944348045	1535944356490
USER	RecordedSimulation	120	START	1535944356545	1535944356545
REQUEST	RecordedSimulation	110		Request 1 - Login	1535944355546	1535944356549	OK	 
REQUEST	RecordedSimulation	98		Request 2 - Livros	1535944356365	1535944356568	OK	 
REQUEST	RecordedSimulation	36		Request 3 - Compra	1535944355375	1535944356578	OK	 
USER	RecordedSimulation	36	END	1535944348145	1535944356578
USER	RecordedSimulation	121	START	1535944356645	1535944356645
REQUEST	RecordedSimulation	111		Request 1 - Login	1535944355646	1535944356649	OK	 
REQUEST	RecordedSimulation	99		Request 2 - Livros	1535944356465	1535944356669	OK	 
REQUEST	RecordedSimulation	37		Request 3 - Compra	1535944355476	1535944356681	OK	 
USER	RecordedSimulation	37	END	1535944348245	1535944356681
USER	RecordedSimulation	122	START	1535944356745	1535944356745
REQUEST	RecordedSimulation	112		Request 1 - Login	1535944355746	1535944356749	OK	 
REQUEST	RecordedSimulation	100		Request 2 - Livros	1535944356566	1535944356768	OK	 
REQUEST	RecordedSimulation	38		Request 3 - Compra	1535944355575	1535944356778	OK	 
USER	RecordedSimulation	38	END	1535944348345	1535944356778
USER	RecordedSimulation	123	START	1535944356845	1535944356845
REQUEST	RecordedSimulation	113		Request 1 - Login	1535944355845	1535944356848	OK	 
REQUEST	RecordedSimulation	101		Request 2 - Livros	1535944356666	1535944356869	OK	 
REQUEST	RecordedSimulation	39		Request 3 - Compra	1535944355675	1535944356880	OK	 
USER	RecordedSimulation	39	END	1535944348445	1535944356881
USER	RecordedSimulation	124	START	1535944356945	1535944356945
REQUEST	RecordedSimulation	114		Request 1 - Login	1535944355945	1535944356953	OK	 
REQUEST	RecordedSimulation	102		Request 2 - Livros	1535944356766	1535944356970	OK	 
REQUEST	RecordedSimulation	40		Request 3 - Compra	1535944355775	1535944356979	OK	 
USER	RecordedSimulation	40	END	1535944348545	1535944356980
USER	RecordedSimulation	125	START	1535944357045	1535944357045
REQUEST	RecordedSimulation	115		Request 1 - Login	1535944356045	1535944357051	OK	 
REQUEST	RecordedSimulation	103		Request 2 - Livros	1535944356865	1535944357069	OK	 
REQUEST	RecordedSimulation	41		Request 3 - Compra	1535944355875	1535944357079	OK	 
USER	RecordedSimulation	41	END	1535944348646	1535944357080
USER	RecordedSimulation	126	START	1535944357145	1535944357145
REQUEST	RecordedSimulation	116		Request 1 - Login	1535944356145	1535944357150	OK	 
REQUEST	RecordedSimulation	104		Request 2 - Livros	1535944356965	1535944357168	OK	 
REQUEST	RecordedSimulation	42		Request 3 - Compra	1535944355976	1535944357183	OK	 
USER	RecordedSimulation	42	END	1535944348745	1535944357184
USER	RecordedSimulation	127	START	1535944357245	1535944357245
REQUEST	RecordedSimulation	117		Request 1 - Login	1535944356245	1535944357251	OK	 
REQUEST	RecordedSimulation	105		Request 2 - Livros	1535944357065	1535944357268	OK	 
REQUEST	RecordedSimulation	43		Request 3 - Compra	1535944356076	1535944357279	OK	 
USER	RecordedSimulation	43	END	1535944348845	1535944357280
USER	RecordedSimulation	128	START	1535944357345	1535944357345
REQUEST	RecordedSimulation	118		Request 1 - Login	1535944356346	1535944357351	OK	 
REQUEST	RecordedSimulation	106		Request 2 - Livros	1535944357165	1535944357368	OK	 
REQUEST	RecordedSimulation	44		Request 3 - Compra	1535944356185	1535944357389	OK	 
USER	RecordedSimulation	44	END	1535944348945	1535944357389
USER	RecordedSimulation	129	START	1535944357446	1535944357446
REQUEST	RecordedSimulation	119		Request 1 - Login	1535944356446	1535944357451	OK	 
REQUEST	RecordedSimulation	107		Request 2 - Livros	1535944357265	1535944357469	OK	 
REQUEST	RecordedSimulation	45		Request 3 - Compra	1535944356275	1535944357480	OK	 
USER	RecordedSimulation	45	END	1535944349045	1535944357480
USER	RecordedSimulation	130	START	1535944357545	1535944357545
REQUEST	RecordedSimulation	120		Request 1 - Login	1535944356546	1535944357550	OK	 
REQUEST	RecordedSimulation	108		Request 2 - Livros	1535944357365	1535944357568	OK	 
REQUEST	RecordedSimulation	46		Request 3 - Compra	1535944356375	1535944357578	OK	 
USER	RecordedSimulation	46	END	1535944349145	1535944357579
USER	RecordedSimulation	131	START	1535944357645	1535944357645
REQUEST	RecordedSimulation	121		Request 1 - Login	1535944356646	1535944357650	OK	 
REQUEST	RecordedSimulation	109		Request 2 - Livros	1535944357465	1535944357670	OK	 
REQUEST	RecordedSimulation	47		Request 3 - Compra	1535944356475	1535944357678	OK	 
USER	RecordedSimulation	47	END	1535944349245	1535944357678
USER	RecordedSimulation	132	START	1535944357746	1535944357746
REQUEST	RecordedSimulation	122		Request 1 - Login	1535944356745	1535944357750	OK	 
REQUEST	RecordedSimulation	110		Request 2 - Livros	1535944357566	1535944357768	OK	 
REQUEST	RecordedSimulation	48		Request 3 - Compra	1535944356585	1535944357788	OK	 
USER	RecordedSimulation	48	END	1535944349346	1535944357790
USER	RecordedSimulation	133	START	1535944357846	1535944357846
REQUEST	RecordedSimulation	123		Request 1 - Login	1535944356845	1535944357849	OK	 
REQUEST	RecordedSimulation	111		Request 2 - Livros	1535944357665	1535944357870	OK	 
REQUEST	RecordedSimulation	49		Request 3 - Compra	1535944356675	1535944357879	OK	 
USER	RecordedSimulation	49	END	1535944349445	1535944357880
USER	RecordedSimulation	134	START	1535944357945	1535944357945
REQUEST	RecordedSimulation	124		Request 1 - Login	1535944356946	1535944357952	OK	 
REQUEST	RecordedSimulation	112		Request 2 - Livros	1535944357765	1535944357968	OK	 
REQUEST	RecordedSimulation	50		Request 3 - Compra	1535944356775	1535944357978	OK	 
USER	RecordedSimulation	50	END	1535944349546	1535944357979
USER	RecordedSimulation	135	START	1535944358045	1535944358045
REQUEST	RecordedSimulation	125		Request 1 - Login	1535944357045	1535944358050	OK	 
REQUEST	RecordedSimulation	113		Request 2 - Livros	1535944357865	1535944358068	OK	 
REQUEST	RecordedSimulation	51		Request 3 - Compra	1535944356875	1535944358079	OK	 
USER	RecordedSimulation	51	END	1535944349645	1535944358079
USER	RecordedSimulation	136	START	1535944358145	1535944358145
REQUEST	RecordedSimulation	126		Request 1 - Login	1535944357146	1535944358152	OK	 
REQUEST	RecordedSimulation	114		Request 2 - Livros	1535944357965	1535944358168	OK	 
REQUEST	RecordedSimulation	52		Request 3 - Compra	1535944356975	1535944358178	OK	 
USER	RecordedSimulation	52	END	1535944349745	1535944358179
USER	RecordedSimulation	137	START	1535944358245	1535944358245
REQUEST	RecordedSimulation	127		Request 1 - Login	1535944357246	1535944358255	OK	 
REQUEST	RecordedSimulation	115		Request 2 - Livros	1535944358066	1535944358268	OK	 
REQUEST	RecordedSimulation	53		Request 3 - Compra	1535944357075	1535944358279	OK	 
USER	RecordedSimulation	53	END	1535944349846	1535944358279
USER	RecordedSimulation	138	START	1535944358345	1535944358345
REQUEST	RecordedSimulation	128		Request 1 - Login	1535944357345	1535944358352	OK	 
REQUEST	RecordedSimulation	116		Request 2 - Livros	1535944358166	1535944358369	OK	 
REQUEST	RecordedSimulation	54		Request 3 - Compra	1535944357175	1535944358379	OK	 
USER	RecordedSimulation	54	END	1535944349945	1535944358379
USER	RecordedSimulation	139	START	1535944358446	1535944358446
REQUEST	RecordedSimulation	129		Request 1 - Login	1535944357446	1535944358452	OK	 
REQUEST	RecordedSimulation	117		Request 2 - Livros	1535944358266	1535944358469	OK	 
REQUEST	RecordedSimulation	55		Request 3 - Compra	1535944357276	1535944358479	OK	 
USER	RecordedSimulation	55	END	1535944350045	1535944358480
USER	RecordedSimulation	140	START	1535944358545	1535944358545
REQUEST	RecordedSimulation	130		Request 1 - Login	1535944357546	1535944358551	OK	 
REQUEST	RecordedSimulation	118		Request 2 - Livros	1535944358365	1535944358569	OK	 
REQUEST	RecordedSimulation	56		Request 3 - Compra	1535944357375	1535944358579	OK	 
USER	RecordedSimulation	56	END	1535944350145	1535944358580
USER	RecordedSimulation	141	START	1535944358645	1535944358645
REQUEST	RecordedSimulation	131		Request 1 - Login	1535944357645	1535944358651	OK	 
REQUEST	RecordedSimulation	119		Request 2 - Livros	1535944358465	1535944358668	OK	 
REQUEST	RecordedSimulation	57		Request 3 - Compra	1535944357475	1535944358679	OK	 
USER	RecordedSimulation	57	END	1535944350245	1535944358681
USER	RecordedSimulation	142	START	1535944358746	1535944358746
REQUEST	RecordedSimulation	132		Request 1 - Login	1535944357746	1535944358752	OK	 
REQUEST	RecordedSimulation	120		Request 2 - Livros	1535944358566	1535944358770	OK	 
REQUEST	RecordedSimulation	58		Request 3 - Compra	1535944357575	1535944358779	OK	 
USER	RecordedSimulation	58	END	1535944350345	1535944358780
USER	RecordedSimulation	143	START	1535944358845	1535944358845
REQUEST	RecordedSimulation	133		Request 1 - Login	1535944357846	1535944358853	OK	 
REQUEST	RecordedSimulation	121		Request 2 - Livros	1535944358665	1535944358869	OK	 
REQUEST	RecordedSimulation	59		Request 3 - Compra	1535944357676	1535944358879	OK	 
USER	RecordedSimulation	59	END	1535944350445	1535944358879
USER	RecordedSimulation	144	START	1535944358945	1535944358945
REQUEST	RecordedSimulation	134		Request 1 - Login	1535944357945	1535944358950	OK	 
REQUEST	RecordedSimulation	122		Request 2 - Livros	1535944358765	1535944358968	OK	 
REQUEST	RecordedSimulation	60		Request 3 - Compra	1535944357775	1535944358981	OK	 
USER	RecordedSimulation	60	END	1535944350545	1535944358982
USER	RecordedSimulation	145	START	1535944359045	1535944359045
REQUEST	RecordedSimulation	135		Request 1 - Login	1535944358046	1535944359051	OK	 
REQUEST	RecordedSimulation	123		Request 2 - Livros	1535944358866	1535944359070	OK	 
REQUEST	RecordedSimulation	61		Request 3 - Compra	1535944357875	1535944359079	OK	 
USER	RecordedSimulation	61	END	1535944350645	1535944359080
USER	RecordedSimulation	146	START	1535944359145	1535944359145
REQUEST	RecordedSimulation	136		Request 1 - Login	1535944358146	1535944359149	OK	 
REQUEST	RecordedSimulation	62		Request 3 - Compra	1535944357975	1535944359179	OK	 
USER	RecordedSimulation	62	END	1535944350745	1535944359179
REQUEST	RecordedSimulation	124		Request 2 - Livros	1535944358976	1535944359182	OK	 
USER	RecordedSimulation	147	START	1535944359245	1535944359245
REQUEST	RecordedSimulation	137		Request 1 - Login	1535944358246	1535944359250	OK	 
REQUEST	RecordedSimulation	125		Request 2 - Livros	1535944359066	1535944359271	OK	 
REQUEST	RecordedSimulation	63		Request 3 - Compra	1535944358076	1535944359280	OK	 
USER	RecordedSimulation	63	END	1535944350845	1535944359280
USER	RecordedSimulation	148	START	1535944359345	1535944359345
REQUEST	RecordedSimulation	138		Request 1 - Login	1535944358345	1535944359349	OK	 
REQUEST	RecordedSimulation	126		Request 2 - Livros	1535944359165	1535944359369	OK	 
REQUEST	RecordedSimulation	64		Request 3 - Compra	1535944358175	1535944359379	OK	 
USER	RecordedSimulation	64	END	1535944350945	1535944359380
USER	RecordedSimulation	149	START	1535944359445	1535944359445
REQUEST	RecordedSimulation	139		Request 1 - Login	1535944358446	1535944359450	OK	 
REQUEST	RecordedSimulation	65		Request 3 - Compra	1535944358275	1535944359477	OK	 
USER	RecordedSimulation	65	END	1535944351046	1535944359478
REQUEST	RecordedSimulation	127		Request 2 - Livros	1535944359275	1535944359479	OK	 
USER	RecordedSimulation	150	START	1535944359545	1535944359545
REQUEST	RecordedSimulation	140		Request 1 - Login	1535944358545	1535944359551	OK	 
REQUEST	RecordedSimulation	128		Request 2 - Livros	1535944359366	1535944359570	OK	 
REQUEST	RecordedSimulation	66		Request 3 - Compra	1535944358375	1535944359579	OK	 
USER	RecordedSimulation	66	END	1535944351145	1535944359579
USER	RecordedSimulation	151	START	1535944359645	1535944359645
REQUEST	RecordedSimulation	141		Request 1 - Login	1535944358645	1535944359651	OK	 
REQUEST	RecordedSimulation	129		Request 2 - Livros	1535944359466	1535944359670	OK	 
REQUEST	RecordedSimulation	67		Request 3 - Compra	1535944358475	1535944359679	OK	 
USER	RecordedSimulation	67	END	1535944351245	1535944359680
USER	RecordedSimulation	152	START	1535944359745	1535944359745
REQUEST	RecordedSimulation	142		Request 1 - Login	1535944358746	1535944359751	OK	 
REQUEST	RecordedSimulation	130		Request 2 - Livros	1535944359566	1535944359771	OK	 
REQUEST	RecordedSimulation	68		Request 3 - Compra	1535944358576	1535944359780	OK	 
USER	RecordedSimulation	68	END	1535944351346	1535944359781
USER	RecordedSimulation	153	START	1535944359845	1535944359845
REQUEST	RecordedSimulation	143		Request 1 - Login	1535944358846	1535944359851	OK	 
REQUEST	RecordedSimulation	131		Request 2 - Livros	1535944359665	1535944359869	OK	 
REQUEST	RecordedSimulation	69		Request 3 - Compra	1535944358676	1535944359880	OK	 
USER	RecordedSimulation	69	END	1535944351445	1535944359882
USER	RecordedSimulation	154	START	1535944359945	1535944359945
REQUEST	RecordedSimulation	144		Request 1 - Login	1535944358945	1535944359952	OK	 
REQUEST	RecordedSimulation	132		Request 2 - Livros	1535944359766	1535944359968	OK	 
REQUEST	RecordedSimulation	70		Request 3 - Compra	1535944358775	1535944359983	OK	 
USER	RecordedSimulation	70	END	1535944351545	1535944359984
USER	RecordedSimulation	155	START	1535944360045	1535944360045
REQUEST	RecordedSimulation	145		Request 1 - Login	1535944359046	1535944360050	OK	 
REQUEST	RecordedSimulation	133		Request 2 - Livros	1535944359866	1535944360068	OK	 
REQUEST	RecordedSimulation	71		Request 3 - Compra	1535944358875	1535944360080	OK	 
USER	RecordedSimulation	71	END	1535944351645	1535944360082
USER	RecordedSimulation	156	START	1535944360145	1535944360145
REQUEST	RecordedSimulation	146		Request 1 - Login	1535944359145	1535944360151	OK	 
REQUEST	RecordedSimulation	134		Request 2 - Livros	1535944359965	1535944360168	OK	 
REQUEST	RecordedSimulation	72		Request 3 - Compra	1535944358976	1535944360180	OK	 
USER	RecordedSimulation	72	END	1535944351745	1535944360180
USER	RecordedSimulation	157	START	1535944360245	1535944360245
REQUEST	RecordedSimulation	147		Request 1 - Login	1535944359246	1535944360251	OK	 
REQUEST	RecordedSimulation	135		Request 2 - Livros	1535944360066	1535944360269	OK	 
REQUEST	RecordedSimulation	73		Request 3 - Compra	1535944359085	1535944360288	OK	 
USER	RecordedSimulation	73	END	1535944351845	1535944360289
USER	RecordedSimulation	158	START	1535944360345	1535944360345
REQUEST	RecordedSimulation	148		Request 1 - Login	1535944359346	1535944360351	OK	 
REQUEST	RecordedSimulation	136		Request 2 - Livros	1535944360166	1535944360368	OK	 
REQUEST	RecordedSimulation	74		Request 3 - Compra	1535944359176	1535944360379	OK	 
USER	RecordedSimulation	74	END	1535944351945	1535944360380
USER	RecordedSimulation	159	START	1535944360445	1535944360445
REQUEST	RecordedSimulation	149		Request 1 - Login	1535944359446	1535944360451	OK	 
REQUEST	RecordedSimulation	137		Request 2 - Livros	1535944360266	1535944360469	OK	 
REQUEST	RecordedSimulation	75		Request 3 - Compra	1535944359275	1535944360481	OK	 
USER	RecordedSimulation	75	END	1535944352045	1535944360481
USER	RecordedSimulation	160	START	1535944360545	1535944360545
REQUEST	RecordedSimulation	150		Request 1 - Login	1535944359545	1535944360554	OK	 
REQUEST	RecordedSimulation	138		Request 2 - Livros	1535944360366	1535944360568	OK	 
REQUEST	RecordedSimulation	76		Request 3 - Compra	1535944359375	1535944360580	OK	 
USER	RecordedSimulation	76	END	1535944352145	1535944360580
USER	RecordedSimulation	161	START	1535944360645	1535944360645
REQUEST	RecordedSimulation	151		Request 1 - Login	1535944359645	1535944360651	OK	 
REQUEST	RecordedSimulation	139		Request 2 - Livros	1535944360466	1535944360668	OK	 
REQUEST	RecordedSimulation	77		Request 3 - Compra	1535944359475	1535944360678	OK	 
USER	RecordedSimulation	77	END	1535944352245	1535944360679
USER	RecordedSimulation	162	START	1535944360746	1535944360746
REQUEST	RecordedSimulation	152		Request 1 - Login	1535944359745	1535944360750	OK	 
REQUEST	RecordedSimulation	140		Request 2 - Livros	1535944360565	1535944360768	OK	 
REQUEST	RecordedSimulation	78		Request 3 - Compra	1535944359575	1535944360778	OK	 
USER	RecordedSimulation	78	END	1535944352345	1535944360779
USER	RecordedSimulation	163	START	1535944360846	1535944360846
REQUEST	RecordedSimulation	153		Request 1 - Login	1535944359845	1535944360851	OK	 
REQUEST	RecordedSimulation	141		Request 2 - Livros	1535944360666	1535944360869	OK	 
REQUEST	RecordedSimulation	79		Request 3 - Compra	1535944359676	1535944360879	OK	 
USER	RecordedSimulation	79	END	1535944352445	1535944360880
USER	RecordedSimulation	164	START	1535944360945	1535944360945
REQUEST	RecordedSimulation	154		Request 1 - Login	1535944359945	1535944360951	OK	 
REQUEST	RecordedSimulation	142		Request 2 - Livros	1535944360765	1535944360968	OK	 
REQUEST	RecordedSimulation	80		Request 3 - Compra	1535944359776	1535944360983	OK	 
USER	RecordedSimulation	80	END	1535944352545	1535944360984
USER	RecordedSimulation	165	START	1535944361045	1535944361045
REQUEST	RecordedSimulation	155		Request 1 - Login	1535944360046	1535944361050	OK	 
REQUEST	RecordedSimulation	143		Request 2 - Livros	1535944360865	1535944361070	OK	 
REQUEST	RecordedSimulation	81		Request 3 - Compra	1535944359876	1535944361078	OK	 
USER	RecordedSimulation	81	END	1535944352646	1535944361079
USER	RecordedSimulation	166	START	1535944361145	1535944361145
REQUEST	RecordedSimulation	156		Request 1 - Login	1535944360145	1535944361148	OK	 
REQUEST	RecordedSimulation	144		Request 2 - Livros	1535944360965	1535944361168	OK	 
REQUEST	RecordedSimulation	82		Request 3 - Compra	1535944359976	1535944361183	OK	 
USER	RecordedSimulation	82	END	1535944352745	1535944361184
USER	RecordedSimulation	167	START	1535944361245	1535944361245
REQUEST	RecordedSimulation	157		Request 1 - Login	1535944360246	1535944361249	OK	 
REQUEST	RecordedSimulation	145		Request 2 - Livros	1535944361065	1535944361268	OK	 
REQUEST	RecordedSimulation	83		Request 3 - Compra	1535944360075	1535944361278	OK	 
USER	RecordedSimulation	83	END	1535944352845	1535944361279
USER	RecordedSimulation	168	START	1535944361345	1535944361345
REQUEST	RecordedSimulation	158		Request 1 - Login	1535944360346	1535944361349	OK	 
REQUEST	RecordedSimulation	146		Request 2 - Livros	1535944361165	1535944361369	OK	 
REQUEST	RecordedSimulation	84		Request 3 - Compra	1535944360185	1535944361388	OK	 
USER	RecordedSimulation	84	END	1535944352946	1535944361389
USER	RecordedSimulation	169	START	1535944361445	1535944361445
REQUEST	RecordedSimulation	159		Request 1 - Login	1535944360445	1535944361449	OK	 
REQUEST	RecordedSimulation	147		Request 2 - Livros	1535944361265	1535944361468	OK	 
REQUEST	RecordedSimulation	85		Request 3 - Compra	1535944360275	1535944361478	OK	 
USER	RecordedSimulation	85	END	1535944353045	1535944361479
USER	RecordedSimulation	170	START	1535944361545	1535944361545
REQUEST	RecordedSimulation	160		Request 1 - Login	1535944360546	1535944361554	OK	 
REQUEST	RecordedSimulation	148		Request 2 - Livros	1535944361365	1535944361568	OK	 
REQUEST	RecordedSimulation	86		Request 3 - Compra	1535944360375	1535944361578	OK	 
USER	RecordedSimulation	86	END	1535944353145	1535944361579
USER	RecordedSimulation	171	START	1535944361645	1535944361645
REQUEST	RecordedSimulation	161		Request 1 - Login	1535944360646	1535944361652	OK	 
REQUEST	RecordedSimulation	149		Request 2 - Livros	1535944361466	1535944361669	OK	 
REQUEST	RecordedSimulation	87		Request 3 - Compra	1535944360476	1535944361687	OK	 
USER	RecordedSimulation	87	END	1535944353245	1535944361687
USER	RecordedSimulation	172	START	1535944361745	1535944361745
REQUEST	RecordedSimulation	162		Request 1 - Login	1535944360746	1535944361751	OK	 
REQUEST	RecordedSimulation	150		Request 2 - Livros	1535944361566	1535944361768	OK	 
REQUEST	RecordedSimulation	88		Request 3 - Compra	1535944360575	1535944361778	OK	 
USER	RecordedSimulation	88	END	1535944353345	1535944361779
USER	RecordedSimulation	173	START	1535944361846	1535944361846
REQUEST	RecordedSimulation	163		Request 1 - Login	1535944360846	1535944361849	OK	 
REQUEST	RecordedSimulation	151		Request 2 - Livros	1535944361666	1535944361869	OK	 
REQUEST	RecordedSimulation	89		Request 3 - Compra	1535944360676	1535944361883	OK	 
USER	RecordedSimulation	89	END	1535944353445	1535944361883
USER	RecordedSimulation	174	START	1535944361946	1535944361946
REQUEST	RecordedSimulation	164		Request 1 - Login	1535944360945	1535944361949	OK	 
REQUEST	RecordedSimulation	152		Request 2 - Livros	1535944361766	1535944361968	OK	 
REQUEST	RecordedSimulation	90		Request 3 - Compra	1535944360775	1535944361978	OK	 
USER	RecordedSimulation	90	END	1535944353545	1535944361979
USER	RecordedSimulation	175	START	1535944362045	1535944362045
REQUEST	RecordedSimulation	165		Request 1 - Login	1535944361045	1535944362048	OK	 
REQUEST	RecordedSimulation	153		Request 2 - Livros	1535944361865	1535944362068	OK	 
REQUEST	RecordedSimulation	91		Request 3 - Compra	1535944360875	1535944362079	OK	 
USER	RecordedSimulation	91	END	1535944353645	1535944362103
USER	RecordedSimulation	176	START	1535944362145	1535944362145
REQUEST	RecordedSimulation	166		Request 1 - Login	1535944361145	1535944362148	OK	 
REQUEST	RecordedSimulation	154		Request 2 - Livros	1535944361965	1535944362168	OK	 
REQUEST	RecordedSimulation	92		Request 3 - Compra	1535944360975	1535944362179	OK	 
USER	RecordedSimulation	92	END	1535944353745	1535944362180
USER	RecordedSimulation	177	START	1535944362245	1535944362245
REQUEST	RecordedSimulation	167		Request 1 - Login	1535944361245	1535944362249	OK	 
REQUEST	RecordedSimulation	155		Request 2 - Livros	1535944362065	1535944362270	OK	 
REQUEST	RecordedSimulation	93		Request 3 - Compra	1535944361075	1535944362280	OK	 
USER	RecordedSimulation	93	END	1535944353845	1535944362280
USER	RecordedSimulation	178	START	1535944362345	1535944362345
REQUEST	RecordedSimulation	168		Request 1 - Login	1535944361345	1535944362349	OK	 
REQUEST	RecordedSimulation	156		Request 2 - Livros	1535944362166	1535944362368	OK	 
REQUEST	RecordedSimulation	94		Request 3 - Compra	1535944361175	1535944362378	OK	 
USER	RecordedSimulation	94	END	1535944353946	1535944362378
USER	RecordedSimulation	179	START	1535944362445	1535944362445
REQUEST	RecordedSimulation	169		Request 1 - Login	1535944361445	1535944362449	OK	 
REQUEST	RecordedSimulation	157		Request 2 - Livros	1535944362266	1535944362468	OK	 
REQUEST	RecordedSimulation	95		Request 3 - Compra	1535944361275	1535944362479	OK	 
USER	RecordedSimulation	95	END	1535944354045	1535944362479
USER	RecordedSimulation	180	START	1535944362545	1535944362545
REQUEST	RecordedSimulation	170		Request 1 - Login	1535944361545	1535944362550	OK	 
REQUEST	RecordedSimulation	158		Request 2 - Livros	1535944362366	1535944362569	OK	 
REQUEST	RecordedSimulation	96		Request 3 - Compra	1535944361375	1535944362585	OK	 
USER	RecordedSimulation	96	END	1535944354145	1535944362586
USER	RecordedSimulation	181	START	1535944362645	1535944362645
REQUEST	RecordedSimulation	171		Request 1 - Login	1535944361645	1535944362648	OK	 
REQUEST	RecordedSimulation	159		Request 2 - Livros	1535944362466	1535944362671	OK	 
REQUEST	RecordedSimulation	97		Request 3 - Compra	1535944361476	1535944362682	OK	 
USER	RecordedSimulation	97	END	1535944354245	1535944362683
USER	RecordedSimulation	182	START	1535944362745	1535944362745
REQUEST	RecordedSimulation	172		Request 1 - Login	1535944361745	1535944362749	OK	 
REQUEST	RecordedSimulation	160		Request 2 - Livros	1535944362565	1535944362769	OK	 
REQUEST	RecordedSimulation	98		Request 3 - Compra	1535944361576	1535944362783	OK	 
USER	RecordedSimulation	98	END	1535944354345	1535944362784
USER	RecordedSimulation	183	START	1535944362846	1535944362846
REQUEST	RecordedSimulation	173		Request 1 - Login	1535944361846	1535944362853	OK	 
REQUEST	RecordedSimulation	161		Request 2 - Livros	1535944362665	1535944362868	OK	 
REQUEST	RecordedSimulation	99		Request 3 - Compra	1535944361676	1535944362878	OK	 
USER	RecordedSimulation	99	END	1535944354445	1535944362879
USER	RecordedSimulation	184	START	1535944362946	1535944362946
REQUEST	RecordedSimulation	174		Request 1 - Login	1535944361946	1535944362950	OK	 
REQUEST	RecordedSimulation	162		Request 2 - Livros	1535944362766	1535944362972	OK	 
REQUEST	RecordedSimulation	100		Request 3 - Compra	1535944361775	1535944362978	OK	 
USER	RecordedSimulation	100	END	1535944354545	1535944362978
USER	RecordedSimulation	185	START	1535944363045	1535944363045
REQUEST	RecordedSimulation	175		Request 1 - Login	1535944362045	1535944363049	OK	 
REQUEST	RecordedSimulation	163		Request 2 - Livros	1535944362865	1535944363067	OK	 
REQUEST	RecordedSimulation	101		Request 3 - Compra	1535944361875	1535944363078	OK	 
USER	RecordedSimulation	101	END	1535944354646	1535944363079
USER	RecordedSimulation	186	START	1535944363145	1535944363145
REQUEST	RecordedSimulation	176		Request 1 - Login	1535944362146	1535944363150	OK	 
REQUEST	RecordedSimulation	164		Request 2 - Livros	1535944362965	1535944363168	OK	 
REQUEST	RecordedSimulation	102		Request 3 - Compra	1535944361975	1535944363178	OK	 
USER	RecordedSimulation	102	END	1535944354746	1535944363179
USER	RecordedSimulation	187	START	1535944363245	1535944363245
REQUEST	RecordedSimulation	177		Request 1 - Login	1535944362246	1535944363250	OK	 
REQUEST	RecordedSimulation	165		Request 2 - Livros	1535944363065	1535944363269	OK	 
REQUEST	RecordedSimulation	103		Request 3 - Compra	1535944362075	1535944363278	OK	 
USER	RecordedSimulation	103	END	1535944354845	1535944363279
USER	RecordedSimulation	188	START	1535944363346	1535944363346
REQUEST	RecordedSimulation	178		Request 1 - Login	1535944362345	1535944363349	OK	 
REQUEST	RecordedSimulation	166		Request 2 - Livros	1535944363165	1535944363368	OK	 
REQUEST	RecordedSimulation	104		Request 3 - Compra	1535944362176	1535944363380	OK	 
USER	RecordedSimulation	104	END	1535944354945	1535944363381
USER	RecordedSimulation	189	START	1535944363445	1535944363445
REQUEST	RecordedSimulation	179		Request 1 - Login	1535944362446	1535944363450	OK	 
REQUEST	RecordedSimulation	167		Request 2 - Livros	1535944363266	1535944363469	OK	 
REQUEST	RecordedSimulation	105		Request 3 - Compra	1535944362276	1535944363480	OK	 
USER	RecordedSimulation	105	END	1535944355045	1535944363481
USER	RecordedSimulation	190	START	1535944363545	1535944363545
REQUEST	RecordedSimulation	180		Request 1 - Login	1535944362546	1535944363550	OK	 
REQUEST	RecordedSimulation	168		Request 2 - Livros	1535944363365	1535944363567	OK	 
REQUEST	RecordedSimulation	106		Request 3 - Compra	1535944362376	1535944363579	OK	 
USER	RecordedSimulation	106	END	1535944355145	1535944363579
USER	RecordedSimulation	191	START	1535944363645	1535944363645
REQUEST	RecordedSimulation	181		Request 1 - Login	1535944362646	1535944363657	OK	 
REQUEST	RecordedSimulation	169		Request 2 - Livros	1535944363465	1535944363668	OK	 
REQUEST	RecordedSimulation	107		Request 3 - Compra	1535944362476	1535944363680	OK	 
USER	RecordedSimulation	107	END	1535944355246	1535944363681
USER	RecordedSimulation	192	START	1535944363745	1535944363745
REQUEST	RecordedSimulation	182		Request 1 - Login	1535944362746	1535944363749	OK	 
REQUEST	RecordedSimulation	170		Request 2 - Livros	1535944363565	1535944363768	OK	 
REQUEST	RecordedSimulation	108		Request 3 - Compra	1535944362575	1535944363778	OK	 
USER	RecordedSimulation	108	END	1535944355345	1535944363779
USER	RecordedSimulation	193	START	1535944363845	1535944363845
REQUEST	RecordedSimulation	183		Request 1 - Login	1535944362846	1535944363850	OK	 
REQUEST	RecordedSimulation	171		Request 2 - Livros	1535944363668	1535944363872	OK	 
REQUEST	RecordedSimulation	109		Request 3 - Compra	1535944362675	1535944363879	OK	 
USER	RecordedSimulation	109	END	1535944355445	1535944363880
USER	RecordedSimulation	194	START	1535944363945	1535944363945
REQUEST	RecordedSimulation	184		Request 1 - Login	1535944362946	1535944363950	OK	 
REQUEST	RecordedSimulation	172		Request 2 - Livros	1535944363765	1535944363968	OK	 
REQUEST	RecordedSimulation	110		Request 3 - Compra	1535944362775	1535944363977	OK	 
USER	RecordedSimulation	110	END	1535944355545	1535944363978
USER	RecordedSimulation	195	START	1535944364045	1535944364045
REQUEST	RecordedSimulation	185		Request 1 - Login	1535944363045	1535944364050	OK	 
REQUEST	RecordedSimulation	173		Request 2 - Livros	1535944363865	1535944364068	OK	 
REQUEST	RecordedSimulation	111		Request 3 - Compra	1535944362875	1535944364079	OK	 
USER	RecordedSimulation	111	END	1535944355646	1535944364080
USER	RecordedSimulation	196	START	1535944364145	1535944364145
REQUEST	RecordedSimulation	186		Request 1 - Login	1535944363145	1535944364148	OK	 
REQUEST	RecordedSimulation	174		Request 2 - Livros	1535944363965	1535944364169	OK	 
REQUEST	RecordedSimulation	112		Request 3 - Compra	1535944362975	1535944364178	OK	 
USER	RecordedSimulation	112	END	1535944355746	1535944364178
USER	RecordedSimulation	197	START	1535944364245	1535944364245
REQUEST	RecordedSimulation	187		Request 1 - Login	1535944363246	1535944364249	OK	 
REQUEST	RecordedSimulation	175		Request 2 - Livros	1535944364066	1535944364268	OK	 
REQUEST	RecordedSimulation	113		Request 3 - Compra	1535944363075	1535944364277	OK	 
USER	RecordedSimulation	113	END	1535944355845	1535944364278
USER	RecordedSimulation	198	START	1535944364345	1535944364345
REQUEST	RecordedSimulation	188		Request 1 - Login	1535944363346	1535944364350	OK	 
REQUEST	RecordedSimulation	176		Request 2 - Livros	1535944364166	1535944364369	OK	 
REQUEST	RecordedSimulation	114		Request 3 - Compra	1535944363176	1535944364378	OK	 
USER	RecordedSimulation	114	END	1535944355945	1535944364378
USER	RecordedSimulation	199	START	1535944364445	1535944364445
REQUEST	RecordedSimulation	189		Request 1 - Login	1535944363445	1535944364448	OK	 
REQUEST	RecordedSimulation	177		Request 2 - Livros	1535944364266	1535944364468	OK	 
REQUEST	RecordedSimulation	115		Request 3 - Compra	1535944363275	1535944364477	OK	 
USER	RecordedSimulation	115	END	1535944356045	1535944364478
USER	RecordedSimulation	200	START	1535944364545	1535944364545
REQUEST	RecordedSimulation	190		Request 1 - Login	1535944363546	1535944364550	OK	 
REQUEST	RecordedSimulation	178		Request 2 - Livros	1535944364366	1535944364570	OK	 
REQUEST	RecordedSimulation	116		Request 3 - Compra	1535944363375	1535944364578	OK	 
USER	RecordedSimulation	116	END	1535944356145	1535944364579
REQUEST	RecordedSimulation	191		Request 1 - Login	1535944363647	1535944364653	OK	 
REQUEST	RecordedSimulation	179		Request 2 - Livros	1535944364465	1535944364668	OK	 
REQUEST	RecordedSimulation	117		Request 3 - Compra	1535944363475	1535944364680	OK	 
USER	RecordedSimulation	117	END	1535944356245	1535944364681
REQUEST	RecordedSimulation	192		Request 1 - Login	1535944363745	1535944364750	OK	 
REQUEST	RecordedSimulation	180		Request 2 - Livros	1535944364566	1535944364771	OK	 
REQUEST	RecordedSimulation	118		Request 3 - Compra	1535944363576	1535944364779	OK	 
USER	RecordedSimulation	118	END	1535944356346	1535944364780
REQUEST	RecordedSimulation	193		Request 1 - Login	1535944363846	1535944364851	OK	 
REQUEST	RecordedSimulation	119		Request 3 - Compra	1535944363675	1535944364879	OK	 
USER	RecordedSimulation	119	END	1535944356445	1535944364880
REQUEST	RecordedSimulation	181		Request 2 - Livros	1535944364676	1535944364881	OK	 
REQUEST	RecordedSimulation	194		Request 1 - Login	1535944363945	1535944364950	OK	 
REQUEST	RecordedSimulation	182		Request 2 - Livros	1535944364765	1535944364970	OK	 
REQUEST	RecordedSimulation	120		Request 3 - Compra	1535944363776	1535944364978	OK	 
USER	RecordedSimulation	120	END	1535944356545	1535944364979
REQUEST	RecordedSimulation	195		Request 1 - Login	1535944364045	1535944365051	OK	 
REQUEST	RecordedSimulation	183		Request 2 - Livros	1535944364866	1535944365071	OK	 
REQUEST	RecordedSimulation	121		Request 3 - Compra	1535944363875	1535944365079	OK	 
USER	RecordedSimulation	121	END	1535944356645	1535944365079
REQUEST	RecordedSimulation	196		Request 1 - Login	1535944364146	1535944365149	OK	 
REQUEST	RecordedSimulation	184		Request 2 - Livros	1535944364965	1535944365171	OK	 
REQUEST	RecordedSimulation	122		Request 3 - Compra	1535944363975	1535944365178	OK	 
USER	RecordedSimulation	122	END	1535944356745	1535944365178
REQUEST	RecordedSimulation	197		Request 1 - Login	1535944364245	1535944365249	OK	 
REQUEST	RecordedSimulation	185		Request 2 - Livros	1535944365066	1535944365270	OK	 
REQUEST	RecordedSimulation	123		Request 3 - Compra	1535944364076	1535944365280	OK	 
USER	RecordedSimulation	123	END	1535944356845	1535944365281
REQUEST	RecordedSimulation	198		Request 1 - Login	1535944364345	1535944365349	OK	 
REQUEST	RecordedSimulation	186		Request 2 - Livros	1535944365165	1535944365370	OK	 
REQUEST	RecordedSimulation	124		Request 3 - Compra	1535944364175	1535944365379	OK	 
USER	RecordedSimulation	124	END	1535944356945	1535944365380
REQUEST	RecordedSimulation	199		Request 1 - Login	1535944364445	1535944365449	OK	 
REQUEST	RecordedSimulation	187		Request 2 - Livros	1535944365266	1535944365470	OK	 
REQUEST	RecordedSimulation	125		Request 3 - Compra	1535944364275	1535944365477	OK	 
USER	RecordedSimulation	125	END	1535944357045	1535944365478
REQUEST	RecordedSimulation	200		Request 1 - Login	1535944364546	1535944365551	OK	 
REQUEST	RecordedSimulation	188		Request 2 - Livros	1535944365366	1535944365569	OK	 
REQUEST	RecordedSimulation	126		Request 3 - Compra	1535944364375	1535944365578	OK	 
USER	RecordedSimulation	126	END	1535944357145	1535944365579
REQUEST	RecordedSimulation	189		Request 2 - Livros	1535944365466	1535944365670	OK	 
REQUEST	RecordedSimulation	127		Request 3 - Compra	1535944364476	1535944365678	OK	 
USER	RecordedSimulation	127	END	1535944357245	1535944365679
REQUEST	RecordedSimulation	190		Request 2 - Livros	1535944365565	1535944365767	OK	 
REQUEST	RecordedSimulation	128		Request 3 - Compra	1535944364575	1535944365779	OK	 
USER	RecordedSimulation	128	END	1535944357345	1535944365780
REQUEST	RecordedSimulation	191		Request 2 - Livros	1535944365665	1535944365868	OK	 
REQUEST	RecordedSimulation	129		Request 3 - Compra	1535944364676	1535944365880	OK	 
USER	RecordedSimulation	129	END	1535944357446	1535944365880
REQUEST	RecordedSimulation	192		Request 2 - Livros	1535944365765	1535944365967	OK	 
REQUEST	RecordedSimulation	130		Request 3 - Compra	1535944364775	1535944365980	OK	 
USER	RecordedSimulation	130	END	1535944357545	1535944365980
REQUEST	RecordedSimulation	193		Request 2 - Livros	1535944365866	1535944366070	OK	 
REQUEST	RecordedSimulation	131		Request 3 - Compra	1535944364875	1535944366080	OK	 
USER	RecordedSimulation	131	END	1535944357645	1535944366080
REQUEST	RecordedSimulation	194		Request 2 - Livros	1535944365965	1535944366167	OK	 
REQUEST	RecordedSimulation	132		Request 3 - Compra	1535944364975	1535944366178	OK	 
USER	RecordedSimulation	132	END	1535944357746	1535944366178
REQUEST	RecordedSimulation	195		Request 2 - Livros	1535944366066	1535944366268	OK	 
REQUEST	RecordedSimulation	133		Request 3 - Compra	1535944365076	1535944366279	OK	 
USER	RecordedSimulation	133	END	1535944357846	1535944366279
REQUEST	RecordedSimulation	196		Request 2 - Livros	1535944366166	1535944366368	OK	 
REQUEST	RecordedSimulation	134		Request 3 - Compra	1535944365175	1535944366377	OK	 
USER	RecordedSimulation	134	END	1535944357945	1535944366378
REQUEST	RecordedSimulation	197		Request 2 - Livros	1535944366266	1535944366467	OK	 
REQUEST	RecordedSimulation	135		Request 3 - Compra	1535944365276	1535944366479	OK	 
USER	RecordedSimulation	135	END	1535944358045	1535944366480
REQUEST	RecordedSimulation	198		Request 2 - Livros	1535944366365	1535944366567	OK	 
REQUEST	RecordedSimulation	136		Request 3 - Compra	1535944365375	1535944366578	OK	 
USER	RecordedSimulation	136	END	1535944358145	1535944366579
REQUEST	RecordedSimulation	199		Request 2 - Livros	1535944366465	1535944366668	OK	 
REQUEST	RecordedSimulation	137		Request 3 - Compra	1535944365475	1535944366678	OK	 
USER	RecordedSimulation	137	END	1535944358245	1535944366679
REQUEST	RecordedSimulation	200		Request 2 - Livros	1535944366565	1535944366769	OK	 
REQUEST	RecordedSimulation	138		Request 3 - Compra	1535944365576	1535944366779	OK	 
USER	RecordedSimulation	138	END	1535944358345	1535944366780
REQUEST	RecordedSimulation	139		Request 3 - Compra	1535944365675	1535944366879	OK	 
USER	RecordedSimulation	139	END	1535944358446	1535944366880
REQUEST	RecordedSimulation	140		Request 3 - Compra	1535944365775	1535944366979	OK	 
USER	RecordedSimulation	140	END	1535944358545	1535944366980
REQUEST	RecordedSimulation	141		Request 3 - Compra	1535944365876	1535944367080	OK	 
USER	RecordedSimulation	141	END	1535944358645	1535944367081
REQUEST	RecordedSimulation	142		Request 3 - Compra	1535944365975	1535944367179	OK	 
USER	RecordedSimulation	142	END	1535944358746	1535944367179
REQUEST	RecordedSimulation	143		Request 3 - Compra	1535944366076	1535944367279	OK	 
USER	RecordedSimulation	143	END	1535944358845	1535944367279
REQUEST	RecordedSimulation	144		Request 3 - Compra	1535944366175	1535944367378	OK	 
USER	RecordedSimulation	144	END	1535944358945	1535944367379
REQUEST	RecordedSimulation	145		Request 3 - Compra	1535944366276	1535944367479	OK	 
USER	RecordedSimulation	145	END	1535944359045	1535944367480
REQUEST	RecordedSimulation	146		Request 3 - Compra	1535944366375	1535944367579	OK	 
USER	RecordedSimulation	146	END	1535944359145	1535944367580
REQUEST	RecordedSimulation	147		Request 3 - Compra	1535944366475	1535944367679	OK	 
USER	RecordedSimulation	147	END	1535944359245	1535944367679
REQUEST	RecordedSimulation	148		Request 3 - Compra	1535944366575	1535944367779	OK	 
USER	RecordedSimulation	148	END	1535944359345	1535944367780
REQUEST	RecordedSimulation	149		Request 3 - Compra	1535944366675	1535944367879	OK	 
USER	RecordedSimulation	149	END	1535944359445	1535944367880
REQUEST	RecordedSimulation	150		Request 3 - Compra	1535944366775	1535944367979	OK	 
USER	RecordedSimulation	150	END	1535944359545	1535944367980
REQUEST	RecordedSimulation	151		Request 3 - Compra	1535944366875	1535944368080	OK	 
USER	RecordedSimulation	151	END	1535944359645	1535944368080
REQUEST	RecordedSimulation	152		Request 3 - Compra	1535944366975	1535944368177	OK	 
USER	RecordedSimulation	152	END	1535944359745	1535944368178
REQUEST	RecordedSimulation	153		Request 3 - Compra	1535944367075	1535944368277	OK	 
USER	RecordedSimulation	153	END	1535944359845	1535944368278
REQUEST	RecordedSimulation	154		Request 3 - Compra	1535944367175	1535944368378	OK	 
USER	RecordedSimulation	154	END	1535944359945	1535944368378
REQUEST	RecordedSimulation	155		Request 3 - Compra	1535944367276	1535944368479	OK	 
USER	RecordedSimulation	155	END	1535944360045	1535944368479
REQUEST	RecordedSimulation	156		Request 3 - Compra	1535944367375	1535944368578	OK	 
USER	RecordedSimulation	156	END	1535944360145	1535944368579
REQUEST	RecordedSimulation	157		Request 3 - Compra	1535944367476	1535944368679	OK	 
USER	RecordedSimulation	157	END	1535944360245	1535944368680
REQUEST	RecordedSimulation	158		Request 3 - Compra	1535944367576	1535944368780	OK	 
USER	RecordedSimulation	158	END	1535944360345	1535944368781
REQUEST	RecordedSimulation	159		Request 3 - Compra	1535944367675	1535944368879	OK	 
USER	RecordedSimulation	159	END	1535944360445	1535944368880
REQUEST	RecordedSimulation	160		Request 3 - Compra	1535944367775	1535944368979	OK	 
USER	RecordedSimulation	160	END	1535944360545	1535944368980
REQUEST	RecordedSimulation	161		Request 3 - Compra	1535944367876	1535944369080	OK	 
USER	RecordedSimulation	161	END	1535944360645	1535944369080
REQUEST	RecordedSimulation	162		Request 3 - Compra	1535944367975	1535944369179	OK	 
USER	RecordedSimulation	162	END	1535944360746	1535944369179
REQUEST	RecordedSimulation	163		Request 3 - Compra	1535944368075	1535944369279	OK	 
USER	RecordedSimulation	163	END	1535944360846	1535944369280
REQUEST	RecordedSimulation	164		Request 3 - Compra	1535944368175	1535944369378	OK	 
USER	RecordedSimulation	164	END	1535944360945	1535944369379
REQUEST	RecordedSimulation	165		Request 3 - Compra	1535944368275	1535944369478	OK	 
USER	RecordedSimulation	165	END	1535944361045	1535944369478
REQUEST	RecordedSimulation	166		Request 3 - Compra	1535944368375	1535944369577	OK	 
USER	RecordedSimulation	166	END	1535944361145	1535944369578
REQUEST	RecordedSimulation	167		Request 3 - Compra	1535944368475	1535944369679	OK	 
USER	RecordedSimulation	167	END	1535944361245	1535944369679
REQUEST	RecordedSimulation	168		Request 3 - Compra	1535944368575	1535944369777	OK	 
USER	RecordedSimulation	168	END	1535944361345	1535944369778
REQUEST	RecordedSimulation	169		Request 3 - Compra	1535944368675	1535944369877	OK	 
USER	RecordedSimulation	169	END	1535944361445	1535944369878
REQUEST	RecordedSimulation	170		Request 3 - Compra	1535944368775	1535944369979	OK	 
USER	RecordedSimulation	170	END	1535944361545	1535944369979
REQUEST	RecordedSimulation	171		Request 3 - Compra	1535944368875	1535944370079	OK	 
USER	RecordedSimulation	171	END	1535944361645	1535944370080
REQUEST	RecordedSimulation	172		Request 3 - Compra	1535944368975	1535944370178	OK	 
USER	RecordedSimulation	172	END	1535944361745	1535944370178
REQUEST	RecordedSimulation	173		Request 3 - Compra	1535944369075	1535944370279	OK	 
USER	RecordedSimulation	173	END	1535944361846	1535944370279
REQUEST	RecordedSimulation	174		Request 3 - Compra	1535944369175	1535944370377	OK	 
USER	RecordedSimulation	174	END	1535944361946	1535944370377
REQUEST	RecordedSimulation	175		Request 3 - Compra	1535944369276	1535944370479	OK	 
USER	RecordedSimulation	175	END	1535944362045	1535944370480
REQUEST	RecordedSimulation	176		Request 3 - Compra	1535944369375	1535944370579	OK	 
USER	RecordedSimulation	176	END	1535944362145	1535944370580
REQUEST	RecordedSimulation	177		Request 3 - Compra	1535944369475	1535944370678	OK	 
USER	RecordedSimulation	177	END	1535944362245	1535944370678
REQUEST	RecordedSimulation	178		Request 3 - Compra	1535944369575	1535944370778	OK	 
USER	RecordedSimulation	178	END	1535944362345	1535944370779
REQUEST	RecordedSimulation	179		Request 3 - Compra	1535944369676	1535944370880	OK	 
USER	RecordedSimulation	179	END	1535944362445	1535944370880
REQUEST	RecordedSimulation	180		Request 3 - Compra	1535944369775	1535944370978	OK	 
USER	RecordedSimulation	180	END	1535944362545	1535944370978
REQUEST	RecordedSimulation	181		Request 3 - Compra	1535944369886	1535944371089	OK	 
USER	RecordedSimulation	181	END	1535944362645	1535944371090
REQUEST	RecordedSimulation	182		Request 3 - Compra	1535944369976	1535944371179	OK	 
USER	RecordedSimulation	182	END	1535944362745	1535944371180
REQUEST	RecordedSimulation	183		Request 3 - Compra	1535944370075	1535944371279	OK	 
USER	RecordedSimulation	183	END	1535944362846	1535944371280
REQUEST	RecordedSimulation	184		Request 3 - Compra	1535944370175	1535944371379	OK	 
USER	RecordedSimulation	184	END	1535944362946	1535944371381
REQUEST	RecordedSimulation	185		Request 3 - Compra	1535944370275	1535944371479	OK	 
USER	RecordedSimulation	185	END	1535944363045	1535944371480
REQUEST	RecordedSimulation	186		Request 3 - Compra	1535944370375	1535944371577	OK	 
USER	RecordedSimulation	186	END	1535944363145	1535944371577
REQUEST	RecordedSimulation	187		Request 3 - Compra	1535944370475	1535944371679	OK	 
USER	RecordedSimulation	187	END	1535944363245	1535944371680
REQUEST	RecordedSimulation	188		Request 3 - Compra	1535944370575	1535944371779	OK	 
USER	RecordedSimulation	188	END	1535944363346	1535944371779
REQUEST	RecordedSimulation	189		Request 3 - Compra	1535944370675	1535944371878	OK	 
USER	RecordedSimulation	189	END	1535944363445	1535944371879
REQUEST	RecordedSimulation	190		Request 3 - Compra	1535944370775	1535944371978	OK	 
USER	RecordedSimulation	190	END	1535944363545	1535944371979
REQUEST	RecordedSimulation	191		Request 3 - Compra	1535944370875	1535944372078	OK	 
USER	RecordedSimulation	191	END	1535944363645	1535944372079
REQUEST	RecordedSimulation	192		Request 3 - Compra	1535944370975	1535944372178	OK	 
USER	RecordedSimulation	192	END	1535944363745	1535944372178
REQUEST	RecordedSimulation	193		Request 3 - Compra	1535944371075	1535944372279	OK	 
USER	RecordedSimulation	193	END	1535944363845	1535944372280
REQUEST	RecordedSimulation	194		Request 3 - Compra	1535944371175	1535944372379	OK	 
USER	RecordedSimulation	194	END	1535944363945	1535944372379
REQUEST	RecordedSimulation	195		Request 3 - Compra	1535944371276	1535944372479	OK	 
USER	RecordedSimulation	195	END	1535944364045	1535944372481
REQUEST	RecordedSimulation	196		Request 3 - Compra	1535944371376	1535944372580	OK	 
USER	RecordedSimulation	196	END	1535944364145	1535944372581
REQUEST	RecordedSimulation	197		Request 3 - Compra	1535944371475	1535944372680	OK	 
USER	RecordedSimulation	197	END	1535944364245	1535944372681
REQUEST	RecordedSimulation	198		Request 3 - Compra	1535944371575	1535944372778	OK	 
USER	RecordedSimulation	198	END	1535944364345	1535944372779
REQUEST	RecordedSimulation	199		Request 3 - Compra	1535944371676	1535944372879	OK	 
USER	RecordedSimulation	199	END	1535944364445	1535944372880
REQUEST	RecordedSimulation	200		Request 3 - Compra	1535944371776	1535944372979	OK	 
USER	RecordedSimulation	200	END	1535944364545	1535944372979
