[workspace] Running shell script
+ java -jar release/gp-bot/gp-bot.jar --usuario=michel.suzigan --senha=m68456845 --atividade=1 --aplicativo=PagSeguro --hoje=N
2018-09-17 01:05:28 INFO  Application - Iniciando lancamento automatizado de horas no TQI-GP
2018-09-17 01:05:28 INFO  Engine - Lendo arquivo de feriados: /var/lib/jenkins/jobs/GP Bot/workspace/release/gp-bot/ext/fixed_holidays.dat
2018-09-17 01:05:28 INFO  Engine - Os seguintes dias correspondem a fins de semana e nao serao lancados:
2018-09-17 01:05:28 INFO  Engine -    > 01/09/2018
2018-09-17 01:05:28 INFO  Engine -    > 02/09/2018
2018-09-17 01:05:28 INFO  Engine -    > 08/09/2018
2018-09-17 01:05:28 INFO  Engine -    > 09/09/2018
2018-09-17 01:05:28 INFO  Engine -    > 15/09/2018
2018-09-17 01:05:28 INFO  Engine -    > 16/09/2018
2018-09-17 01:05:28 INFO  Engine - Os seguintes dias correspondem a feriados configurados e nao serao lancados:
2018-09-17 01:05:28 INFO  Engine -    > 07/09/2018
2018-09-17 01:05:28 INFO  ChromeDriverLoader - Identificada versao 66 do Chrome
Starting ChromeDriver 2.37.544315 (730aa6a5fdba159ac9f4c1e8cbc59bf1b5ce12b7) on port 25806
Only local connections are allowed.
Sep 17, 2018 1:05:30 AM org.openqa.selenium.remote.ProtocolHandshake createSession
INFO: Detected dialect: OSS
2018-09-17 01:05:30 INFO  Engine - Efetuando login na intranet TQI...
Sending interrupt signal to process
After 10s process did not stop
