RUN	livrosSim.RecordedSimulation		recordedsimulation	1535943493698	BL 10/s	2.0
USER	RecordedSimulation	1	START	1535943495361	1535943495361
USER	RecordedSimulation	2	START	1535943495552	1535943495552
USER	RecordedSimulation	3	START	1535943495652	1535943495652
USER	RecordedSimulation	4	START	1535943495762	1535943495762
USER	RecordedSimulation	5	START	1535943495872	1535943495872
USER	RecordedSimulation	6	START	1535943495973	1535943495973
USER	RecordedSimulation	7	START	1535943496073	1535943496073
USER	RecordedSimulation	8	START	1535943496173	1535943496173
USER	RecordedSimulation	9	START	1535943496272	1535943496272
USER	RecordedSimulation	10	START	1535943496372	1535943496372
USER	RecordedSimulation	11	START	1535943496472	1535943496472
REQUEST	RecordedSimulation	1		Request 1 - Login	1535943495418	1535943496466	OK	 
REQUEST	RecordedSimulation	2		Request 1 - Login	1535943495553	1535943496562	OK	 
USER	RecordedSimulation	12	START	1535943496573	1535943496573
REQUEST	RecordedSimulation	3		Request 1 - Login	1535943495653	1535943496664	OK	 
USER	RecordedSimulation	13	START	1535943496672	1535943496672
REQUEST	RecordedSimulation	4		Request 1 - Login	1535943495763	1535943496770	OK	 
USER	RecordedSimulation	14	START	1535943496772	1535943496772
USER	RecordedSimulation	15	START	1535943496873	1535943496873
REQUEST	RecordedSimulation	5		Request 1 - Login	1535943495873	1535943496885	OK	 
USER	RecordedSimulation	16	START	1535943496973	1535943496973
REQUEST	RecordedSimulation	6		Request 1 - Login	1535943495973	1535943496981	OK	 
USER	RecordedSimulation	17	START	1535943497073	1535943497073
REQUEST	RecordedSimulation	7		Request 1 - Login	1535943496074	1535943497083	OK	 
USER	RecordedSimulation	18	START	1535943497172	1535943497172
REQUEST	RecordedSimulation	8		Request 1 - Login	1535943496173	1535943497181	OK	 
USER	RecordedSimulation	19	START	1535943497273	1535943497273
REQUEST	RecordedSimulation	9		Request 1 - Login	1535943496273	1535943497282	OK	 
USER	RecordedSimulation	20	START	1535943497373	1535943497373
REQUEST	RecordedSimulation	10		Request 1 - Login	1535943496373	1535943497379	OK	 
USER	RecordedSimulation	22	START	1535943497473	1535943497473
USER	RecordedSimulation	21	START	1535943497473	1535943497473
REQUEST	RecordedSimulation	11		Request 1 - Login	1535943496473	1535943497498	OK	 
USER	RecordedSimulation	23	START	1535943497573	1535943497573
REQUEST	RecordedSimulation	12		Request 1 - Login	1535943496573	1535943497580	OK	 
USER	RecordedSimulation	24	START	1535943497673	1535943497673
REQUEST	RecordedSimulation	13		Request 1 - Login	1535943496673	1535943497681	OK	 
REQUEST	RecordedSimulation	1		Request 2 - Livros	1535943497493	1535943497705	OK	 
USER	RecordedSimulation	25	START	1535943497773	1535943497773
REQUEST	RecordedSimulation	14		Request 1 - Login	1535943496772	1535943497778	OK	 
REQUEST	RecordedSimulation	2		Request 2 - Livros	1535943497574	1535943497781	OK	 
USER	RecordedSimulation	26	START	1535943497873	1535943497873
REQUEST	RecordedSimulation	15		Request 1 - Login	1535943496874	1535943497881	OK	 
REQUEST	RecordedSimulation	3		Request 2 - Livros	1535943497683	1535943497888	OK	 
USER	RecordedSimulation	27	START	1535943497973	1535943497973
REQUEST	RecordedSimulation	16		Request 1 - Login	1535943496973	1535943497979	OK	 
REQUEST	RecordedSimulation	4		Request 2 - Livros	1535943497783	1535943497987	OK	 
USER	RecordedSimulation	28	START	1535943498073	1535943498073
REQUEST	RecordedSimulation	17		Request 1 - Login	1535943497073	1535943498079	OK	 
REQUEST	RecordedSimulation	5		Request 2 - Livros	1535943497903	1535943498109	OK	 
USER	RecordedSimulation	29	START	1535943498173	1535943498173
REQUEST	RecordedSimulation	18		Request 1 - Login	1535943497173	1535943498178	OK	 
REQUEST	RecordedSimulation	6		Request 2 - Livros	1535943497993	1535943498198	OK	 
USER	RecordedSimulation	30	START	1535943498273	1535943498273
REQUEST	RecordedSimulation	19		Request 1 - Login	1535943497273	1535943498278	OK	 
REQUEST	RecordedSimulation	7		Request 2 - Livros	1535943498104	1535943498308	OK	 
USER	RecordedSimulation	31	START	1535943498373	1535943498373
REQUEST	RecordedSimulation	20		Request 1 - Login	1535943497373	1535943498380	OK	 
REQUEST	RecordedSimulation	8		Request 2 - Livros	1535943498193	1535943498398	OK	 
USER	RecordedSimulation	32	START	1535943498472	1535943498472
REQUEST	RecordedSimulation	21		Request 1 - Login	1535943497473	1535943498482	OK	 
REQUEST	RecordedSimulation	22		Request 1 - Login	1535943497473	1535943498499	OK	 
REQUEST	RecordedSimulation	9		Request 2 - Livros	1535943498303	1535943498509	OK	 
USER	RecordedSimulation	33	START	1535943498573	1535943498573
REQUEST	RecordedSimulation	23		Request 1 - Login	1535943497574	1535943498584	OK	 
REQUEST	RecordedSimulation	10		Request 2 - Livros	1535943498393	1535943498598	OK	 
USER	RecordedSimulation	34	START	1535943498672	1535943498672
REQUEST	RecordedSimulation	24		Request 1 - Login	1535943497673	1535943498687	OK	 
REQUEST	RecordedSimulation	11		Request 2 - Livros	1535943498513	1535943498718	OK	 
USER	RecordedSimulation	35	START	1535943498773	1535943498773
REQUEST	RecordedSimulation	25		Request 1 - Login	1535943497773	1535943498778	OK	 
REQUEST	RecordedSimulation	12		Request 2 - Livros	1535943498593	1535943498798	OK	 
USER	RecordedSimulation	36	START	1535943498872	1535943498872
REQUEST	RecordedSimulation	26		Request 1 - Login	1535943497873	1535943498881	OK	 
REQUEST	RecordedSimulation	13		Request 2 - Livros	1535943498693	1535943498897	OK	 
USER	RecordedSimulation	37	START	1535943498973	1535943498973
REQUEST	RecordedSimulation	27		Request 1 - Login	1535943497973	1535943498979	OK	 
REQUEST	RecordedSimulation	14		Request 2 - Livros	1535943498794	1535943498998	OK	 
USER	RecordedSimulation	38	START	1535943499073	1535943499073
REQUEST	RecordedSimulation	28		Request 1 - Login	1535943498073	1535943499080	OK	 
REQUEST	RecordedSimulation	15		Request 2 - Livros	1535943498893	1535943499097	OK	 
USER	RecordedSimulation	39	START	1535943499173	1535943499173
REQUEST	RecordedSimulation	29		Request 1 - Login	1535943498173	1535943499178	OK	 
REQUEST	RecordedSimulation	16		Request 2 - Livros	1535943498993	1535943499198	OK	 
USER	RecordedSimulation	40	START	1535943499273	1535943499273
REQUEST	RecordedSimulation	30		Request 1 - Login	1535943498273	1535943499278	OK	 
REQUEST	RecordedSimulation	17		Request 2 - Livros	1535943499093	1535943499297	OK	 
USER	RecordedSimulation	41	START	1535943499373	1535943499373
REQUEST	RecordedSimulation	31		Request 1 - Login	1535943498374	1535943499380	OK	 
REQUEST	RecordedSimulation	18		Request 2 - Livros	1535943499193	1535943499396	OK	 
USER	RecordedSimulation	42	START	1535943499473	1535943499473
REQUEST	RecordedSimulation	32		Request 1 - Login	1535943498473	1535943499482	OK	 
REQUEST	RecordedSimulation	19		Request 2 - Livros	1535943499293	1535943499498	OK	 
USER	RecordedSimulation	43	START	1535943499572	1535943499572
REQUEST	RecordedSimulation	33		Request 1 - Login	1535943498574	1535943499583	OK	 
REQUEST	RecordedSimulation	20		Request 2 - Livros	1535943499393	1535943499596	OK	 
USER	RecordedSimulation	44	START	1535943499673	1535943499673
REQUEST	RecordedSimulation	34		Request 1 - Login	1535943498673	1535943499682	OK	 
REQUEST	RecordedSimulation	21		Request 2 - Livros	1535943499503	1535943499709	OK	 
REQUEST	RecordedSimulation	22		Request 2 - Livros	1535943499513	1535943499719	OK	 
USER	RecordedSimulation	45	START	1535943499773	1535943499773
REQUEST	RecordedSimulation	35		Request 1 - Login	1535943498773	1535943499779	OK	 
REQUEST	RecordedSimulation	23		Request 2 - Livros	1535943499603	1535943499808	OK	 
USER	RecordedSimulation	46	START	1535943499873	1535943499873
REQUEST	RecordedSimulation	36		Request 1 - Login	1535943498873	1535943499881	OK	 
REQUEST	RecordedSimulation	24		Request 2 - Livros	1535943499703	1535943499908	OK	 
USER	RecordedSimulation	47	START	1535943499972	1535943499972
REQUEST	RecordedSimulation	37		Request 1 - Login	1535943498973	1535943499983	OK	 
REQUEST	RecordedSimulation	25		Request 2 - Livros	1535943499793	1535943499997	OK	 
USER	RecordedSimulation	48	START	1535943500073	1535943500073
REQUEST	RecordedSimulation	38		Request 1 - Login	1535943499073	1535943500082	OK	 
REQUEST	RecordedSimulation	26		Request 2 - Livros	1535943499893	1535943500098	OK	 
USER	RecordedSimulation	49	START	1535943500172	1535943500172
REQUEST	RecordedSimulation	39		Request 1 - Login	1535943499173	1535943500181	OK	 
REQUEST	RecordedSimulation	27		Request 2 - Livros	1535943499993	1535943500197	OK	 
USER	RecordedSimulation	50	START	1535943500273	1535943500273
REQUEST	RecordedSimulation	40		Request 1 - Login	1535943499273	1535943500279	OK	 
REQUEST	RecordedSimulation	28		Request 2 - Livros	1535943500093	1535943500298	OK	 
USER	RecordedSimulation	51	START	1535943500373	1535943500373
REQUEST	RecordedSimulation	41		Request 1 - Login	1535943499373	1535943500376	OK	 
REQUEST	RecordedSimulation	29		Request 2 - Livros	1535943500193	1535943500397	OK	 
USER	RecordedSimulation	52	START	1535943500473	1535943500473
REQUEST	RecordedSimulation	42		Request 1 - Login	1535943499473	1535943500478	OK	 
REQUEST	RecordedSimulation	30		Request 2 - Livros	1535943500293	1535943500498	OK	 
USER	RecordedSimulation	53	START	1535943500572	1535943500572
REQUEST	RecordedSimulation	43		Request 1 - Login	1535943499573	1535943500581	OK	 
REQUEST	RecordedSimulation	31		Request 2 - Livros	1535943500393	1535943500599	OK	 
USER	RecordedSimulation	54	START	1535943500673	1535943500673
REQUEST	RecordedSimulation	44		Request 1 - Login	1535943499673	1535943500681	OK	 
REQUEST	RecordedSimulation	32		Request 2 - Livros	1535943500493	1535943500697	OK	 
USER	RecordedSimulation	55	START	1535943500773	1535943500773
REQUEST	RecordedSimulation	45		Request 1 - Login	1535943499774	1535943500780	OK	 
REQUEST	RecordedSimulation	33		Request 2 - Livros	1535943500603	1535943500807	OK	 
USER	RecordedSimulation	56	START	1535943500873	1535943500873
REQUEST	RecordedSimulation	46		Request 1 - Login	1535943499873	1535943500882	OK	 
REQUEST	RecordedSimulation	34		Request 2 - Livros	1535943500693	1535943500898	OK	 
USER	RecordedSimulation	57	START	1535943500972	1535943500972
REQUEST	RecordedSimulation	47		Request 1 - Login	1535943499973	1535943500979	OK	 
REQUEST	RecordedSimulation	35		Request 2 - Livros	1535943500793	1535943500997	OK	 
USER	RecordedSimulation	58	START	1535943501073	1535943501073
REQUEST	RecordedSimulation	48		Request 1 - Login	1535943500073	1535943501082	OK	 
REQUEST	RecordedSimulation	36		Request 2 - Livros	1535943500893	1535943501098	OK	 
USER	RecordedSimulation	59	START	1535943501173	1535943501173
REQUEST	RecordedSimulation	49		Request 1 - Login	1535943500173	1535943501180	OK	 
REQUEST	RecordedSimulation	37		Request 2 - Livros	1535943501003	1535943501208	OK	 
USER	RecordedSimulation	60	START	1535943501272	1535943501272
REQUEST	RecordedSimulation	50		Request 1 - Login	1535943500274	1535943501282	OK	 
REQUEST	RecordedSimulation	38		Request 2 - Livros	1535943501093	1535943501296	OK	 
USER	RecordedSimulation	61	START	1535943501373	1535943501373
REQUEST	RecordedSimulation	51		Request 1 - Login	1535943500373	1535943501378	OK	 
REQUEST	RecordedSimulation	39		Request 2 - Livros	1535943501193	1535943501395	OK	 
USER	RecordedSimulation	62	START	1535943501473	1535943501473
REQUEST	RecordedSimulation	52		Request 1 - Login	1535943500474	1535943501480	OK	 
REQUEST	RecordedSimulation	40		Request 2 - Livros	1535943501293	1535943501495	OK	 
USER	RecordedSimulation	63	START	1535943501573	1535943501573
REQUEST	RecordedSimulation	53		Request 1 - Login	1535943500573	1535943501579	OK	 
REQUEST	RecordedSimulation	41		Request 2 - Livros	1535943501392	1535943501595	OK	 
USER	RecordedSimulation	64	START	1535943501673	1535943501673
REQUEST	RecordedSimulation	54		Request 1 - Login	1535943500673	1535943501679	OK	 
REQUEST	RecordedSimulation	42		Request 2 - Livros	1535943501492	1535943501695	OK	 
USER	RecordedSimulation	65	START	1535943501773	1535943501773
REQUEST	RecordedSimulation	55		Request 1 - Login	1535943500773	1535943501782	OK	 
REQUEST	RecordedSimulation	43		Request 2 - Livros	1535943501593	1535943501796	OK	 
USER	RecordedSimulation	66	START	1535943501873	1535943501873
REQUEST	RecordedSimulation	56		Request 1 - Login	1535943500873	1535943501880	OK	 
REQUEST	RecordedSimulation	44		Request 2 - Livros	1535943501693	1535943501897	OK	 
USER	RecordedSimulation	67	START	1535943501973	1535943501973
REQUEST	RecordedSimulation	57		Request 1 - Login	1535943500973	1535943501978	OK	 
REQUEST	RecordedSimulation	45		Request 2 - Livros	1535943501792	1535943501995	OK	 
USER	RecordedSimulation	68	START	1535943502073	1535943502073
REQUEST	RecordedSimulation	58		Request 1 - Login	1535943501073	1535943502081	OK	 
REQUEST	RecordedSimulation	46		Request 2 - Livros	1535943501893	1535943502096	OK	 
USER	RecordedSimulation	69	START	1535943502173	1535943502173
REQUEST	RecordedSimulation	59		Request 1 - Login	1535943501173	1535943502178	OK	 
REQUEST	RecordedSimulation	47		Request 2 - Livros	1535943501993	1535943502196	OK	 
USER	RecordedSimulation	70	START	1535943502273	1535943502273
REQUEST	RecordedSimulation	60		Request 1 - Login	1535943501273	1535943502279	OK	 
REQUEST	RecordedSimulation	48		Request 2 - Livros	1535943502093	1535943502295	OK	 
USER	RecordedSimulation	71	START	1535943502373	1535943502373
REQUEST	RecordedSimulation	61		Request 1 - Login	1535943501373	1535943502378	OK	 
REQUEST	RecordedSimulation	49		Request 2 - Livros	1535943502193	1535943502398	OK	 
USER	RecordedSimulation	72	START	1535943502473	1535943502473
REQUEST	RecordedSimulation	62		Request 1 - Login	1535943501473	1535943502477	OK	 
REQUEST	RecordedSimulation	50		Request 2 - Livros	1535943502293	1535943502496	OK	 
USER	RecordedSimulation	73	START	1535943502573	1535943502573
REQUEST	RecordedSimulation	63		Request 1 - Login	1535943501573	1535943502579	OK	 
REQUEST	RecordedSimulation	51		Request 2 - Livros	1535943502393	1535943502597	OK	 
USER	RecordedSimulation	74	START	1535943502673	1535943502673
REQUEST	RecordedSimulation	64		Request 1 - Login	1535943501673	1535943502678	OK	 
REQUEST	RecordedSimulation	52		Request 2 - Livros	1535943502493	1535943502699	OK	 
USER	RecordedSimulation	75	START	1535943502773	1535943502773
REQUEST	RecordedSimulation	65		Request 1 - Login	1535943501774	1535943502781	OK	 
REQUEST	RecordedSimulation	53		Request 2 - Livros	1535943502593	1535943502796	OK	 
USER	RecordedSimulation	76	START	1535943502873	1535943502873
REQUEST	RecordedSimulation	66		Request 1 - Login	1535943501874	1535943502881	OK	 
REQUEST	RecordedSimulation	54		Request 2 - Livros	1535943502694	1535943502900	OK	 
USER	RecordedSimulation	77	START	1535943502973	1535943502973
REQUEST	RecordedSimulation	67		Request 1 - Login	1535943501973	1535943502980	OK	 
REQUEST	RecordedSimulation	55		Request 2 - Livros	1535943502803	1535943503006	OK	 
USER	RecordedSimulation	78	START	1535943503073	1535943503073
REQUEST	RecordedSimulation	68		Request 1 - Login	1535943502074	1535943503081	OK	 
REQUEST	RecordedSimulation	56		Request 2 - Livros	1535943502894	1535943503099	OK	 
USER	RecordedSimulation	79	START	1535943503173	1535943503173
REQUEST	RecordedSimulation	69		Request 1 - Login	1535943502173	1535943503182	OK	 
REQUEST	RecordedSimulation	57		Request 2 - Livros	1535943502993	1535943503197	OK	 
USER	RecordedSimulation	80	START	1535943503273	1535943503273
REQUEST	RecordedSimulation	70		Request 1 - Login	1535943502274	1535943503280	OK	 
REQUEST	RecordedSimulation	58		Request 2 - Livros	1535943503093	1535943503297	OK	 
USER	RecordedSimulation	81	START	1535943503373	1535943503373
REQUEST	RecordedSimulation	71		Request 1 - Login	1535943502373	1535943503377	OK	 
REQUEST	RecordedSimulation	59		Request 2 - Livros	1535943503193	1535943503396	OK	 
USER	RecordedSimulation	82	START	1535943503473	1535943503473
REQUEST	RecordedSimulation	72		Request 1 - Login	1535943502473	1535943503480	OK	 
REQUEST	RecordedSimulation	60		Request 2 - Livros	1535943503293	1535943503496	OK	 
USER	RecordedSimulation	83	START	1535943503572	1535943503572
REQUEST	RecordedSimulation	73		Request 1 - Login	1535943502574	1535943503581	OK	 
REQUEST	RecordedSimulation	61		Request 2 - Livros	1535943503393	1535943503597	OK	 
USER	RecordedSimulation	84	START	1535943503673	1535943503673
REQUEST	RecordedSimulation	74		Request 1 - Login	1535943502673	1535943503681	OK	 
REQUEST	RecordedSimulation	62		Request 2 - Livros	1535943503493	1535943503696	OK	 
USER	RecordedSimulation	85	START	1535943503773	1535943503773
REQUEST	RecordedSimulation	75		Request 1 - Login	1535943502774	1535943503779	OK	 
REQUEST	RecordedSimulation	63		Request 2 - Livros	1535943503593	1535943503797	OK	 
USER	RecordedSimulation	86	START	1535943503873	1535943503873
REQUEST	RecordedSimulation	76		Request 1 - Login	1535943502873	1535943503881	OK	 
REQUEST	RecordedSimulation	64		Request 2 - Livros	1535943503693	1535943503895	OK	 
USER	RecordedSimulation	87	START	1535943503973	1535943503973
REQUEST	RecordedSimulation	77		Request 1 - Login	1535943502974	1535943503981	OK	 
REQUEST	RecordedSimulation	65		Request 2 - Livros	1535943503803	1535943504009	OK	 
USER	RecordedSimulation	88	START	1535943504073	1535943504073
REQUEST	RecordedSimulation	78		Request 1 - Login	1535943503074	1535943504080	OK	 
REQUEST	RecordedSimulation	66		Request 2 - Livros	1535943503893	1535943504096	OK	 
REQUEST	RecordedSimulation	1		Request 3 - Compra	1535943502704	1535943504124	OK	 
USER	RecordedSimulation	1	END	1535943495361	1535943504126
USER	RecordedSimulation	89	START	1535943504173	1535943504173
REQUEST	RecordedSimulation	79		Request 1 - Login	1535943503173	1535943504179	OK	 
REQUEST	RecordedSimulation	2		Request 3 - Compra	1535943502783	1535943504187	OK	 
USER	RecordedSimulation	2	END	1535943495552	1535943504188
REQUEST	RecordedSimulation	67		Request 2 - Livros	1535943503993	1535943504197	OK	 
USER	RecordedSimulation	90	START	1535943504272	1535943504272
REQUEST	RecordedSimulation	80		Request 1 - Login	1535943503273	1535943504279	OK	 
REQUEST	RecordedSimulation	68		Request 2 - Livros	1535943504093	1535943504297	OK	 
REQUEST	RecordedSimulation	3		Request 3 - Compra	1535943502894	1535943504301	OK	 
USER	RecordedSimulation	3	END	1535943495652	1535943504303
USER	RecordedSimulation	91	START	1535943504373	1535943504373
REQUEST	RecordedSimulation	81		Request 1 - Login	1535943503373	1535943504377	OK	 
REQUEST	RecordedSimulation	69		Request 2 - Livros	1535943504193	1535943504396	OK	 
REQUEST	RecordedSimulation	4		Request 3 - Compra	1535943502993	1535943504397	OK	 
USER	RecordedSimulation	4	END	1535943495762	1535943504398
USER	RecordedSimulation	92	START	1535943504473	1535943504473
REQUEST	RecordedSimulation	82		Request 1 - Login	1535943503473	1535943504480	OK	 
REQUEST	RecordedSimulation	70		Request 2 - Livros	1535943504293	1535943504495	OK	 
REQUEST	RecordedSimulation	5		Request 3 - Compra	1535943503113	1535943504516	OK	 
USER	RecordedSimulation	5	END	1535943495872	1535943504517
USER	RecordedSimulation	93	START	1535943504573	1535943504573
REQUEST	RecordedSimulation	83		Request 1 - Login	1535943503573	1535943504580	OK	 
REQUEST	RecordedSimulation	71		Request 2 - Livros	1535943504393	1535943504596	OK	 
REQUEST	RecordedSimulation	6		Request 3 - Compra	1535943503203	1535943504606	OK	 
USER	RecordedSimulation	6	END	1535943495973	1535943504607
USER	RecordedSimulation	94	START	1535943504673	1535943504673
REQUEST	RecordedSimulation	84		Request 1 - Login	1535943503674	1535943504682	OK	 
REQUEST	RecordedSimulation	72		Request 2 - Livros	1535943504493	1535943504696	OK	 
REQUEST	RecordedSimulation	7		Request 3 - Compra	1535943503302	1535943504706	OK	 
USER	RecordedSimulation	7	END	1535943496073	1535943504707
USER	RecordedSimulation	95	START	1535943504773	1535943504773
REQUEST	RecordedSimulation	85		Request 1 - Login	1535943503773	1535943504779	OK	 
REQUEST	RecordedSimulation	73		Request 2 - Livros	1535943504593	1535943504797	OK	 
REQUEST	RecordedSimulation	8		Request 3 - Compra	1535943503402	1535943504806	OK	 
USER	RecordedSimulation	8	END	1535943496173	1535943504807
USER	RecordedSimulation	96	START	1535943504873	1535943504873
REQUEST	RecordedSimulation	86		Request 1 - Login	1535943503873	1535943504881	OK	 
REQUEST	RecordedSimulation	74		Request 2 - Livros	1535943504693	1535943504895	OK	 
REQUEST	RecordedSimulation	9		Request 3 - Compra	1535943503503	1535943504907	OK	 
USER	RecordedSimulation	9	END	1535943496272	1535943504908
USER	RecordedSimulation	97	START	1535943504972	1535943504972
REQUEST	RecordedSimulation	87		Request 1 - Login	1535943503973	1535943504979	OK	 
REQUEST	RecordedSimulation	75		Request 2 - Livros	1535943504793	1535943504998	OK	 
REQUEST	RecordedSimulation	10		Request 3 - Compra	1535943503603	1535943505009	OK	 
USER	RecordedSimulation	10	END	1535943496372	1535943505009
USER	RecordedSimulation	98	START	1535943505073	1535943505073
REQUEST	RecordedSimulation	88		Request 1 - Login	1535943504073	1535943505080	OK	 
REQUEST	RecordedSimulation	76		Request 2 - Livros	1535943504892	1535943505095	OK	 
REQUEST	RecordedSimulation	11		Request 3 - Compra	1535943503724	1535943505128	OK	 
USER	RecordedSimulation	11	END	1535943496472	1535943505129
USER	RecordedSimulation	99	START	1535943505173	1535943505173
REQUEST	RecordedSimulation	89		Request 1 - Login	1535943504173	1535943505179	OK	 
REQUEST	RecordedSimulation	77		Request 2 - Livros	1535943504993	1535943505197	OK	 
REQUEST	RecordedSimulation	12		Request 3 - Compra	1535943503803	1535943505208	OK	 
USER	RecordedSimulation	12	END	1535943496573	1535943505208
USER	RecordedSimulation	100	START	1535943505273	1535943505273
REQUEST	RecordedSimulation	90		Request 1 - Login	1535943504273	1535943505278	OK	 
REQUEST	RecordedSimulation	78		Request 2 - Livros	1535943505093	1535943505296	OK	 
REQUEST	RecordedSimulation	13		Request 3 - Compra	1535943503903	1535943505306	OK	 
USER	RecordedSimulation	13	END	1535943496672	1535943505307
USER	RecordedSimulation	101	START	1535943505372	1535943505372
REQUEST	RecordedSimulation	91		Request 1 - Login	1535943504373	1535943505377	OK	 
REQUEST	RecordedSimulation	79		Request 2 - Livros	1535943505193	1535943505396	OK	 
REQUEST	RecordedSimulation	14		Request 3 - Compra	1535943504003	1535943505410	OK	 
USER	RecordedSimulation	14	END	1535943496772	1535943505410
USER	RecordedSimulation	102	START	1535943505472	1535943505472
REQUEST	RecordedSimulation	92		Request 1 - Login	1535943504474	1535943505478	OK	 
REQUEST	RecordedSimulation	80		Request 2 - Livros	1535943505293	1535943505496	OK	 
REQUEST	RecordedSimulation	15		Request 3 - Compra	1535943504103	1535943505507	OK	 
USER	RecordedSimulation	15	END	1535943496873	1535943505508
USER	RecordedSimulation	103	START	1535943505572	1535943505572
REQUEST	RecordedSimulation	93		Request 1 - Login	1535943504573	1535943505579	OK	 
REQUEST	RecordedSimulation	81		Request 2 - Livros	1535943505393	1535943505595	OK	 
REQUEST	RecordedSimulation	16		Request 3 - Compra	1535943504203	1535943505608	OK	 
USER	RecordedSimulation	16	END	1535943496973	1535943505608
USER	RecordedSimulation	104	START	1535943505673	1535943505673
REQUEST	RecordedSimulation	94		Request 1 - Login	1535943504674	1535943505680	OK	 
REQUEST	RecordedSimulation	82		Request 2 - Livros	1535943505493	1535943505695	OK	 
REQUEST	RecordedSimulation	17		Request 3 - Compra	1535943504303	1535943505708	OK	 
USER	RecordedSimulation	17	END	1535943497073	1535943505709
USER	RecordedSimulation	105	START	1535943505773	1535943505773
REQUEST	RecordedSimulation	95		Request 1 - Login	1535943504773	1535943505782	OK	 
REQUEST	RecordedSimulation	83		Request 2 - Livros	1535943505593	1535943505796	OK	 
REQUEST	RecordedSimulation	18		Request 3 - Compra	1535943504403	1535943505805	OK	 
USER	RecordedSimulation	18	END	1535943497172	1535943505806
USER	RecordedSimulation	106	START	1535943505872	1535943505872
REQUEST	RecordedSimulation	96		Request 1 - Login	1535943504874	1535943505879	OK	 
REQUEST	RecordedSimulation	84		Request 2 - Livros	1535943505703	1535943505907	OK	 
REQUEST	RecordedSimulation	19		Request 3 - Compra	1535943504503	1535943505907	OK	 
USER	RecordedSimulation	19	END	1535943497273	1535943505908
USER	RecordedSimulation	107	START	1535943505973	1535943505973
REQUEST	RecordedSimulation	97		Request 1 - Login	1535943504973	1535943505977	OK	 
REQUEST	RecordedSimulation	85		Request 2 - Livros	1535943505793	1535943505998	OK	 
REQUEST	RecordedSimulation	20		Request 3 - Compra	1535943504603	1535943506007	OK	 
USER	RecordedSimulation	20	END	1535943497373	1535943506007
USER	RecordedSimulation	108	START	1535943506073	1535943506073
REQUEST	RecordedSimulation	98		Request 1 - Login	1535943505073	1535943506080	OK	 
REQUEST	RecordedSimulation	86		Request 2 - Livros	1535943505893	1535943506096	OK	 
REQUEST	RecordedSimulation	21		Request 3 - Compra	1535943504703	1535943506107	OK	 
USER	RecordedSimulation	21	END	1535943497473	1535943506108
REQUEST	RecordedSimulation	22		Request 3 - Compra	1535943504723	1535943506127	OK	 
USER	RecordedSimulation	22	END	1535943497473	1535943506128
USER	RecordedSimulation	109	START	1535943506173	1535943506173
REQUEST	RecordedSimulation	99		Request 1 - Login	1535943505173	1535943506179	OK	 
REQUEST	RecordedSimulation	87		Request 2 - Livros	1535943505994	1535943506197	OK	 
REQUEST	RecordedSimulation	23		Request 3 - Compra	1535943504803	1535943506207	OK	 
USER	RecordedSimulation	23	END	1535943497573	1535943506208
USER	RecordedSimulation	110	START	1535943506273	1535943506273
REQUEST	RecordedSimulation	100		Request 1 - Login	1535943505273	1535943506278	OK	 
REQUEST	RecordedSimulation	88		Request 2 - Livros	1535943506093	1535943506296	OK	 
REQUEST	RecordedSimulation	24		Request 3 - Compra	1535943504913	1535943506317	OK	 
USER	RecordedSimulation	24	END	1535943497673	1535943506319
USER	RecordedSimulation	111	START	1535943506372	1535943506372
REQUEST	RecordedSimulation	101		Request 1 - Login	1535943505373	1535943506377	OK	 
REQUEST	RecordedSimulation	89		Request 2 - Livros	1535943506193	1535943506396	OK	 
REQUEST	RecordedSimulation	25		Request 3 - Compra	1535943505003	1535943506407	OK	 
USER	RecordedSimulation	25	END	1535943497773	1535943506408
USER	RecordedSimulation	112	START	1535943506473	1535943506473
REQUEST	RecordedSimulation	102		Request 1 - Login	1535943505473	1535943506477	OK	 
REQUEST	RecordedSimulation	90		Request 2 - Livros	1535943506293	1535943506496	OK	 
REQUEST	RecordedSimulation	26		Request 3 - Compra	1535943505103	1535943506506	OK	 
USER	RecordedSimulation	26	END	1535943497873	1535943506507
USER	RecordedSimulation	113	START	1535943506573	1535943506573
REQUEST	RecordedSimulation	103		Request 1 - Login	1535943505573	1535943506578	OK	 
REQUEST	RecordedSimulation	91		Request 2 - Livros	1535943506393	1535943506597	OK	 
REQUEST	RecordedSimulation	27		Request 3 - Compra	1535943505203	1535943506605	OK	 
USER	RecordedSimulation	27	END	1535943497973	1535943506606
USER	RecordedSimulation	114	START	1535943506672	1535943506672
REQUEST	RecordedSimulation	104		Request 1 - Login	1535943505674	1535943506680	OK	 
REQUEST	RecordedSimulation	92		Request 2 - Livros	1535943506493	1535943506697	OK	 
REQUEST	RecordedSimulation	28		Request 3 - Compra	1535943505303	1535943506706	OK	 
USER	RecordedSimulation	28	END	1535943498073	1535943506707
USER	RecordedSimulation	115	START	1535943506773	1535943506773
REQUEST	RecordedSimulation	105		Request 1 - Login	1535943505773	1535943506779	OK	 
REQUEST	RecordedSimulation	93		Request 2 - Livros	1535943506593	1535943506799	OK	 
REQUEST	RecordedSimulation	29		Request 3 - Compra	1535943505403	1535943506806	OK	 
USER	RecordedSimulation	29	END	1535943498173	1535943506807
USER	RecordedSimulation	116	START	1535943506873	1535943506873
REQUEST	RecordedSimulation	106		Request 1 - Login	1535943505873	1535943506878	OK	 
REQUEST	RecordedSimulation	94		Request 2 - Livros	1535943506693	1535943506896	OK	 
REQUEST	RecordedSimulation	30		Request 3 - Compra	1535943505503	1535943506906	OK	 
USER	RecordedSimulation	30	END	1535943498273	1535943506907
USER	RecordedSimulation	117	START	1535943506973	1535943506973
REQUEST	RecordedSimulation	107		Request 1 - Login	1535943505973	1535943506977	OK	 
REQUEST	RecordedSimulation	95		Request 2 - Livros	1535943506793	1535943506996	OK	 
REQUEST	RecordedSimulation	31		Request 3 - Compra	1535943505603	1535943507006	OK	 
USER	RecordedSimulation	31	END	1535943498373	1535943507006
USER	RecordedSimulation	118	START	1535943507073	1535943507073
REQUEST	RecordedSimulation	108		Request 1 - Login	1535943506073	1535943507078	OK	 
REQUEST	RecordedSimulation	96		Request 2 - Livros	1535943506894	1535943507097	OK	 
REQUEST	RecordedSimulation	32		Request 3 - Compra	1535943505703	1535943507111	OK	 
USER	RecordedSimulation	32	END	1535943498472	1535943507111
USER	RecordedSimulation	119	START	1535943507173	1535943507173
REQUEST	RecordedSimulation	109		Request 1 - Login	1535943506174	1535943507180	OK	 
REQUEST	RecordedSimulation	97		Request 2 - Livros	1535943506993	1535943507196	OK	 
REQUEST	RecordedSimulation	33		Request 3 - Compra	1535943505803	1535943507206	OK	 
USER	RecordedSimulation	33	END	1535943498573	1535943507207
USER	RecordedSimulation	120	START	1535943507272	1535943507272
REQUEST	RecordedSimulation	110		Request 1 - Login	1535943506273	1535943507278	OK	 
REQUEST	RecordedSimulation	98		Request 2 - Livros	1535943507093	1535943507295	OK	 
REQUEST	RecordedSimulation	34		Request 3 - Compra	1535943505903	1535943507310	OK	 
USER	RecordedSimulation	34	END	1535943498672	1535943507311
USER	RecordedSimulation	121	START	1535943507372	1535943507372
REQUEST	RecordedSimulation	111		Request 1 - Login	1535943506373	1535943507378	OK	 
REQUEST	RecordedSimulation	99		Request 2 - Livros	1535943507193	1535943507396	OK	 
REQUEST	RecordedSimulation	35		Request 3 - Compra	1535943506003	1535943507405	OK	 
USER	RecordedSimulation	35	END	1535943498773	1535943507406
USER	RecordedSimulation	122	START	1535943507472	1535943507472
REQUEST	RecordedSimulation	112		Request 1 - Login	1535943506473	1535943507479	OK	 
REQUEST	RecordedSimulation	100		Request 2 - Livros	1535943507293	1535943507495	OK	 
REQUEST	RecordedSimulation	36		Request 3 - Compra	1535943506103	1535943507506	OK	 
USER	RecordedSimulation	36	END	1535943498872	1535943507507
USER	RecordedSimulation	123	START	1535943507573	1535943507573
REQUEST	RecordedSimulation	113		Request 1 - Login	1535943506573	1535943507578	OK	 
REQUEST	RecordedSimulation	101		Request 2 - Livros	1535943507393	1535943507595	OK	 
REQUEST	RecordedSimulation	37		Request 3 - Compra	1535943506203	1535943507606	OK	 
USER	RecordedSimulation	37	END	1535943498973	1535943507607
USER	RecordedSimulation	124	START	1535943507673	1535943507673
REQUEST	RecordedSimulation	114		Request 1 - Login	1535943506673	1535943507678	OK	 
REQUEST	RecordedSimulation	102		Request 2 - Livros	1535943507492	1535943507695	OK	 
REQUEST	RecordedSimulation	38		Request 3 - Compra	1535943506304	1535943507707	OK	 
USER	RecordedSimulation	38	END	1535943499073	1535943507708
USER	RecordedSimulation	125	START	1535943507773	1535943507773
REQUEST	RecordedSimulation	115		Request 1 - Login	1535943506773	1535943507779	OK	 
REQUEST	RecordedSimulation	103		Request 2 - Livros	1535943507592	1535943507795	OK	 
REQUEST	RecordedSimulation	39		Request 3 - Compra	1535943506403	1535943507807	OK	 
USER	RecordedSimulation	39	END	1535943499173	1535943507808
USER	RecordedSimulation	126	START	1535943507872	1535943507872
REQUEST	RecordedSimulation	116		Request 1 - Login	1535943506873	1535943507879	OK	 
REQUEST	RecordedSimulation	104		Request 2 - Livros	1535943507693	1535943507896	OK	 
REQUEST	RecordedSimulation	40		Request 3 - Compra	1535943506503	1535943507907	OK	 
USER	RecordedSimulation	40	END	1535943499273	1535943507908
USER	RecordedSimulation	127	START	1535943507973	1535943507973
REQUEST	RecordedSimulation	117		Request 1 - Login	1535943506973	1535943507978	OK	 
REQUEST	RecordedSimulation	105		Request 2 - Livros	1535943507793	1535943507996	OK	 
REQUEST	RecordedSimulation	41		Request 3 - Compra	1535943506603	1535943508008	OK	 
USER	RecordedSimulation	41	END	1535943499373	1535943508009
USER	RecordedSimulation	128	START	1535943508073	1535943508073
REQUEST	RecordedSimulation	118		Request 1 - Login	1535943507073	1535943508077	OK	 
REQUEST	RecordedSimulation	106		Request 2 - Livros	1535943507893	1535943508095	OK	 
REQUEST	RecordedSimulation	42		Request 3 - Compra	1535943506703	1535943508107	OK	 
USER	RecordedSimulation	42	END	1535943499473	1535943508109
USER	RecordedSimulation	129	START	1535943508173	1535943508173
REQUEST	RecordedSimulation	119		Request 1 - Login	1535943507173	1535943508177	OK	 
REQUEST	RecordedSimulation	107		Request 2 - Livros	1535943507993	1535943508197	OK	 
REQUEST	RecordedSimulation	43		Request 3 - Compra	1535943506803	1535943508207	OK	 
USER	RecordedSimulation	43	END	1535943499572	1535943508208
USER	RecordedSimulation	130	START	1535943508273	1535943508273
REQUEST	RecordedSimulation	120		Request 1 - Login	1535943507273	1535943508277	OK	 
REQUEST	RecordedSimulation	108		Request 2 - Livros	1535943508093	1535943508295	OK	 
REQUEST	RecordedSimulation	44		Request 3 - Compra	1535943506902	1535943508305	OK	 
USER	RecordedSimulation	44	END	1535943499673	1535943508306
USER	RecordedSimulation	131	START	1535943508373	1535943508373
REQUEST	RecordedSimulation	121		Request 1 - Login	1535943507372	1535943508377	OK	 
REQUEST	RecordedSimulation	109		Request 2 - Livros	1535943508193	1535943508396	OK	 
REQUEST	RecordedSimulation	45		Request 3 - Compra	1535943507003	1535943508406	OK	 
USER	RecordedSimulation	45	END	1535943499773	1535943508407
USER	RecordedSimulation	132	START	1535943508473	1535943508473
REQUEST	RecordedSimulation	122		Request 1 - Login	1535943507472	1535943508475	OK	 
REQUEST	RecordedSimulation	110		Request 2 - Livros	1535943508293	1535943508495	OK	 
REQUEST	RecordedSimulation	46		Request 3 - Compra	1535943507103	1535943508505	OK	 
USER	RecordedSimulation	46	END	1535943499873	1535943508506
USER	RecordedSimulation	133	START	1535943508573	1535943508573
REQUEST	RecordedSimulation	123		Request 1 - Login	1535943507573	1535943508576	OK	 
REQUEST	RecordedSimulation	111		Request 2 - Livros	1535943508393	1535943508596	OK	 
REQUEST	RecordedSimulation	47		Request 3 - Compra	1535943507203	1535943508606	OK	 
USER	RecordedSimulation	47	END	1535943499972	1535943508606
USER	RecordedSimulation	134	START	1535943508673	1535943508673
REQUEST	RecordedSimulation	124		Request 1 - Login	1535943507673	1535943508676	OK	 
REQUEST	RecordedSimulation	112		Request 2 - Livros	1535943508493	1535943508695	OK	 
REQUEST	RecordedSimulation	48		Request 3 - Compra	1535943507303	1535943508705	OK	 
USER	RecordedSimulation	48	END	1535943500073	1535943508706
USER	RecordedSimulation	135	START	1535943508773	1535943508773
REQUEST	RecordedSimulation	125		Request 1 - Login	1535943507773	1535943508778	OK	 
REQUEST	RecordedSimulation	113		Request 2 - Livros	1535943508593	1535943508796	OK	 
REQUEST	RecordedSimulation	49		Request 3 - Compra	1535943507403	1535943508805	OK	 
USER	RecordedSimulation	49	END	1535943500172	1535943508806
USER	RecordedSimulation	136	START	1535943508873	1535943508873
REQUEST	RecordedSimulation	126		Request 1 - Login	1535943507873	1535943508877	OK	 
REQUEST	RecordedSimulation	114		Request 2 - Livros	1535943508693	1535943508895	OK	 
REQUEST	RecordedSimulation	50		Request 3 - Compra	1535943507503	1535943508905	OK	 
USER	RecordedSimulation	50	END	1535943500273	1535943508906
USER	RecordedSimulation	137	START	1535943508973	1535943508973
REQUEST	RecordedSimulation	127		Request 1 - Login	1535943507973	1535943508977	OK	 
REQUEST	RecordedSimulation	115		Request 2 - Livros	1535943508793	1535943508996	OK	 
REQUEST	RecordedSimulation	51		Request 3 - Compra	1535943507602	1535943509005	OK	 
USER	RecordedSimulation	51	END	1535943500373	1535943509006
USER	RecordedSimulation	138	START	1535943509073	1535943509073
REQUEST	RecordedSimulation	128		Request 1 - Login	1535943508073	1535943509079	OK	 
REQUEST	RecordedSimulation	116		Request 2 - Livros	1535943508893	1535943509095	OK	 
REQUEST	RecordedSimulation	52		Request 3 - Compra	1535943507703	1535943509105	OK	 
USER	RecordedSimulation	52	END	1535943500473	1535943509106
USER	RecordedSimulation	139	START	1535943509173	1535943509173
REQUEST	RecordedSimulation	129		Request 1 - Login	1535943508173	1535943509177	OK	 
REQUEST	RecordedSimulation	117		Request 2 - Livros	1535943508993	1535943509196	OK	 
REQUEST	RecordedSimulation	53		Request 3 - Compra	1535943507802	1535943509206	OK	 
USER	RecordedSimulation	53	END	1535943500572	1535943509206
USER	RecordedSimulation	140	START	1535943509273	1535943509273
REQUEST	RecordedSimulation	130		Request 1 - Login	1535943508274	1535943509278	OK	 
REQUEST	RecordedSimulation	118		Request 2 - Livros	1535943509092	1535943509295	OK	 
REQUEST	RecordedSimulation	54		Request 3 - Compra	1535943507903	1535943509306	OK	 
USER	RecordedSimulation	54	END	1535943500673	1535943509307
USER	RecordedSimulation	141	START	1535943509373	1535943509373
REQUEST	RecordedSimulation	131		Request 1 - Login	1535943508373	1535943509378	OK	 
REQUEST	RecordedSimulation	119		Request 2 - Livros	1535943509193	1535943509395	OK	 
REQUEST	RecordedSimulation	55		Request 3 - Compra	1535943508004	1535943509408	OK	 
USER	RecordedSimulation	55	END	1535943500773	1535943509408
USER	RecordedSimulation	142	START	1535943509472	1535943509472
REQUEST	RecordedSimulation	132		Request 1 - Login	1535943508473	1535943509476	OK	 
REQUEST	RecordedSimulation	120		Request 2 - Livros	1535943509293	1535943509496	OK	 
REQUEST	RecordedSimulation	56		Request 3 - Compra	1535943508103	1535943509507	OK	 
USER	RecordedSimulation	56	END	1535943500873	1535943509508
USER	RecordedSimulation	143	START	1535943509573	1535943509573
REQUEST	RecordedSimulation	133		Request 1 - Login	1535943508573	1535943509577	OK	 
REQUEST	RecordedSimulation	121		Request 2 - Livros	1535943509393	1535943509596	OK	 
REQUEST	RecordedSimulation	57		Request 3 - Compra	1535943508204	1535943509609	OK	 
USER	RecordedSimulation	57	END	1535943500972	1535943509610
USER	RecordedSimulation	144	START	1535943509673	1535943509673
REQUEST	RecordedSimulation	134		Request 1 - Login	1535943508673	1535943509677	OK	 
REQUEST	RecordedSimulation	122		Request 2 - Livros	1535943509493	1535943509695	OK	 
REQUEST	RecordedSimulation	58		Request 3 - Compra	1535943508303	1535943509706	OK	 
USER	RecordedSimulation	58	END	1535943501073	1535943509706
USER	RecordedSimulation	145	START	1535943509773	1535943509773
REQUEST	RecordedSimulation	135		Request 1 - Login	1535943508773	1535943509777	OK	 
REQUEST	RecordedSimulation	123		Request 2 - Livros	1535943509593	1535943509796	OK	 
REQUEST	RecordedSimulation	59		Request 3 - Compra	1535943508402	1535943509806	OK	 
USER	RecordedSimulation	59	END	1535943501173	1535943509807
USER	RecordedSimulation	146	START	1535943509873	1535943509873
REQUEST	RecordedSimulation	136		Request 1 - Login	1535943508873	1535943509877	OK	 
REQUEST	RecordedSimulation	124		Request 2 - Livros	1535943509693	1535943509896	OK	 
REQUEST	RecordedSimulation	60		Request 3 - Compra	1535943508502	1535943509905	OK	 
USER	RecordedSimulation	60	END	1535943501272	1535943509906
USER	RecordedSimulation	147	START	1535943509972	1535943509972
REQUEST	RecordedSimulation	137		Request 1 - Login	1535943508973	1535943509975	OK	 
REQUEST	RecordedSimulation	125		Request 2 - Livros	1535943509793	1535943509996	OK	 
REQUEST	RecordedSimulation	61		Request 3 - Compra	1535943508602	1535943510005	OK	 
USER	RecordedSimulation	61	END	1535943501373	1535943510006
USER	RecordedSimulation	148	START	1535943510072	1535943510072
REQUEST	RecordedSimulation	138		Request 1 - Login	1535943509073	1535943510079	OK	 
REQUEST	RecordedSimulation	126		Request 2 - Livros	1535943509893	1535943510096	OK	 
REQUEST	RecordedSimulation	62		Request 3 - Compra	1535943508703	1535943510108	OK	 
USER	RecordedSimulation	62	END	1535943501473	1535943510109
USER	RecordedSimulation	149	START	1535943510173	1535943510173
REQUEST	RecordedSimulation	139		Request 1 - Login	1535943509173	1535943510177	OK	 
REQUEST	RecordedSimulation	127		Request 2 - Livros	1535943509993	1535943510196	OK	 
REQUEST	RecordedSimulation	63		Request 3 - Compra	1535943508803	1535943510207	OK	 
USER	RecordedSimulation	63	END	1535943501573	1535943510207
USER	RecordedSimulation	150	START	1535943510273	1535943510273
REQUEST	RecordedSimulation	140		Request 1 - Login	1535943509273	1535943510277	OK	 
REQUEST	RecordedSimulation	128		Request 2 - Livros	1535943510093	1535943510296	OK	 
REQUEST	RecordedSimulation	64		Request 3 - Compra	1535943508903	1535943510306	OK	 
USER	RecordedSimulation	64	END	1535943501673	1535943510307
USER	RecordedSimulation	151	START	1535943510373	1535943510373
REQUEST	RecordedSimulation	141		Request 1 - Login	1535943509373	1535943510377	OK	 
REQUEST	RecordedSimulation	129		Request 2 - Livros	1535943510193	1535943510397	OK	 
REQUEST	RecordedSimulation	65		Request 3 - Compra	1535943509003	1535943510406	OK	 
USER	RecordedSimulation	65	END	1535943501773	1535943510406
USER	RecordedSimulation	152	START	1535943510473	1535943510473
REQUEST	RecordedSimulation	142		Request 1 - Login	1535943509473	1535943510476	OK	 
REQUEST	RecordedSimulation	130		Request 2 - Livros	1535943510293	1535943510497	OK	 
REQUEST	RecordedSimulation	66		Request 3 - Compra	1535943509102	1535943510506	OK	 
USER	RecordedSimulation	66	END	1535943501873	1535943510507
USER	RecordedSimulation	153	START	1535943510573	1535943510573
REQUEST	RecordedSimulation	143		Request 1 - Login	1535943509573	1535943510578	OK	 
REQUEST	RecordedSimulation	131		Request 2 - Livros	1535943510393	1535943510595	OK	 
REQUEST	RecordedSimulation	67		Request 3 - Compra	1535943509202	1535943510605	OK	 
USER	RecordedSimulation	67	END	1535943501973	1535943510605
USER	RecordedSimulation	154	START	1535943510672	1535943510672
REQUEST	RecordedSimulation	144		Request 1 - Login	1535943509673	1535943510678	OK	 
REQUEST	RecordedSimulation	132		Request 2 - Livros	1535943510493	1535943510697	OK	 
REQUEST	RecordedSimulation	68		Request 3 - Compra	1535943509303	1535943510706	OK	 
USER	RecordedSimulation	68	END	1535943502073	1535943510707
USER	RecordedSimulation	155	START	1535943510773	1535943510773
REQUEST	RecordedSimulation	145		Request 1 - Login	1535943509774	1535943510778	OK	 
REQUEST	RecordedSimulation	133		Request 2 - Livros	1535943510593	1535943510795	OK	 
REQUEST	RecordedSimulation	69		Request 3 - Compra	1535943509403	1535943510806	OK	 
USER	RecordedSimulation	69	END	1535943502173	1535943510807
USER	RecordedSimulation	156	START	1535943510873	1535943510873
REQUEST	RecordedSimulation	146		Request 1 - Login	1535943509873	1535943510879	OK	 
REQUEST	RecordedSimulation	134		Request 2 - Livros	1535943510693	1535943510896	OK	 
REQUEST	RecordedSimulation	70		Request 3 - Compra	1535943509503	1535943510905	OK	 
USER	RecordedSimulation	70	END	1535943502273	1535943510906
USER	RecordedSimulation	157	START	1535943510973	1535943510973
REQUEST	RecordedSimulation	147		Request 1 - Login	1535943509972	1535943510975	OK	 
REQUEST	RecordedSimulation	135		Request 2 - Livros	1535943510793	1535943510995	OK	 
REQUEST	RecordedSimulation	71		Request 3 - Compra	1535943509603	1535943511007	OK	 
USER	RecordedSimulation	71	END	1535943502373	1535943511008
USER	RecordedSimulation	158	START	1535943511073	1535943511073
REQUEST	RecordedSimulation	148		Request 1 - Login	1535943510073	1535943511079	OK	 
REQUEST	RecordedSimulation	136		Request 2 - Livros	1535943510893	1535943511096	OK	 
REQUEST	RecordedSimulation	72		Request 3 - Compra	1535943509703	1535943511107	OK	 
USER	RecordedSimulation	72	END	1535943502473	1535943511107
USER	RecordedSimulation	159	START	1535943511173	1535943511173
REQUEST	RecordedSimulation	149		Request 1 - Login	1535943510173	1535943511177	OK	 
REQUEST	RecordedSimulation	137		Request 2 - Livros	1535943510993	1535943511196	OK	 
REQUEST	RecordedSimulation	73		Request 3 - Compra	1535943509803	1535943511206	OK	 
USER	RecordedSimulation	73	END	1535943502573	1535943511207
USER	RecordedSimulation	160	START	1535943511273	1535943511273
REQUEST	RecordedSimulation	150		Request 1 - Login	1535943510273	1535943511278	OK	 
REQUEST	RecordedSimulation	138		Request 2 - Livros	1535943511092	1535943511295	OK	 
REQUEST	RecordedSimulation	74		Request 3 - Compra	1535943509902	1535943511305	OK	 
USER	RecordedSimulation	74	END	1535943502673	1535943511306
USER	RecordedSimulation	161	START	1535943511373	1535943511373
REQUEST	RecordedSimulation	151		Request 1 - Login	1535943510373	1535943511378	OK	 
REQUEST	RecordedSimulation	139		Request 2 - Livros	1535943511192	1535943511395	OK	 
REQUEST	RecordedSimulation	75		Request 3 - Compra	1535943510003	1535943511405	OK	 
USER	RecordedSimulation	75	END	1535943502773	1535943511406
USER	RecordedSimulation	162	START	1535943511473	1535943511473
REQUEST	RecordedSimulation	152		Request 1 - Login	1535943510474	1535943511478	OK	 
REQUEST	RecordedSimulation	140		Request 2 - Livros	1535943511293	1535943511495	OK	 
REQUEST	RecordedSimulation	76		Request 3 - Compra	1535943510103	1535943511506	OK	 
USER	RecordedSimulation	76	END	1535943502873	1535943511507
USER	RecordedSimulation	163	START	1535943511572	1535943511572
REQUEST	RecordedSimulation	153		Request 1 - Login	1535943510573	1535943511578	OK	 
REQUEST	RecordedSimulation	141		Request 2 - Livros	1535943511393	1535943511595	OK	 
REQUEST	RecordedSimulation	77		Request 3 - Compra	1535943510203	1535943511606	OK	 
USER	RecordedSimulation	77	END	1535943502973	1535943511607
USER	RecordedSimulation	164	START	1535943511673	1535943511673
REQUEST	RecordedSimulation	154		Request 1 - Login	1535943510673	1535943511677	OK	 
REQUEST	RecordedSimulation	142		Request 2 - Livros	1535943511493	1535943511696	OK	 
REQUEST	RecordedSimulation	78		Request 3 - Compra	1535943510303	1535943511707	OK	 
USER	RecordedSimulation	78	END	1535943503073	1535943511707
USER	RecordedSimulation	165	START	1535943511773	1535943511773
REQUEST	RecordedSimulation	155		Request 1 - Login	1535943510774	1535943511780	OK	 
REQUEST	RecordedSimulation	143		Request 2 - Livros	1535943511593	1535943511795	OK	 
REQUEST	RecordedSimulation	79		Request 3 - Compra	1535943510403	1535943511806	OK	 
USER	RecordedSimulation	79	END	1535943503173	1535943511807
USER	RecordedSimulation	166	START	1535943511872	1535943511872
REQUEST	RecordedSimulation	156		Request 1 - Login	1535943510873	1535943511879	OK	 
REQUEST	RecordedSimulation	144		Request 2 - Livros	1535943511694	1535943511897	OK	 
REQUEST	RecordedSimulation	80		Request 3 - Compra	1535943510503	1535943511907	OK	 
USER	RecordedSimulation	80	END	1535943503273	1535943511908
USER	RecordedSimulation	167	START	1535943511973	1535943511973
REQUEST	RecordedSimulation	157		Request 1 - Login	1535943510973	1535943511977	OK	 
REQUEST	RecordedSimulation	145		Request 2 - Livros	1535943511793	1535943511996	OK	 
REQUEST	RecordedSimulation	81		Request 3 - Compra	1535943510603	1535943512006	OK	 
USER	RecordedSimulation	81	END	1535943503373	1535943512007
USER	RecordedSimulation	168	START	1535943512072	1535943512072
REQUEST	RecordedSimulation	158		Request 1 - Login	1535943511074	1535943512079	OK	 
REQUEST	RecordedSimulation	146		Request 2 - Livros	1535943511893	1535943512096	OK	 
REQUEST	RecordedSimulation	82		Request 3 - Compra	1535943510703	1535943512107	OK	 
USER	RecordedSimulation	82	END	1535943503473	1535943512107
USER	RecordedSimulation	169	START	1535943512173	1535943512173
REQUEST	RecordedSimulation	159		Request 1 - Login	1535943511173	1535943512177	OK	 
REQUEST	RecordedSimulation	147		Request 2 - Livros	1535943511993	1535943512197	OK	 
REQUEST	RecordedSimulation	83		Request 3 - Compra	1535943510803	1535943512206	OK	 
USER	RecordedSimulation	83	END	1535943503572	1535943512208
USER	RecordedSimulation	170	START	1535943512273	1535943512273
REQUEST	RecordedSimulation	160		Request 1 - Login	1535943511273	1535943512278	OK	 
REQUEST	RecordedSimulation	148		Request 2 - Livros	1535943512093	1535943512295	OK	 
REQUEST	RecordedSimulation	84		Request 3 - Compra	1535943510902	1535943512305	OK	 
USER	RecordedSimulation	84	END	1535943503673	1535943512306
USER	RecordedSimulation	171	START	1535943512373	1535943512373
REQUEST	RecordedSimulation	161		Request 1 - Login	1535943511373	1535943512377	OK	 
REQUEST	RecordedSimulation	149		Request 2 - Livros	1535943512193	1535943512395	OK	 
REQUEST	RecordedSimulation	85		Request 3 - Compra	1535943511004	1535943512407	OK	 
USER	RecordedSimulation	85	END	1535943503773	1535943512408
USER	RecordedSimulation	172	START	1535943512473	1535943512473
REQUEST	RecordedSimulation	162		Request 1 - Login	1535943511473	1535943512477	OK	 
REQUEST	RecordedSimulation	150		Request 2 - Livros	1535943512293	1535943512496	OK	 
REQUEST	RecordedSimulation	86		Request 3 - Compra	1535943511103	1535943512506	OK	 
USER	RecordedSimulation	86	END	1535943503873	1535943512507
USER	RecordedSimulation	173	START	1535943512573	1535943512573
REQUEST	RecordedSimulation	163		Request 1 - Login	1535943511573	1535943512578	OK	 
REQUEST	RecordedSimulation	151		Request 2 - Livros	1535943512393	1535943512595	OK	 
REQUEST	RecordedSimulation	87		Request 3 - Compra	1535943511203	1535943512605	OK	 
USER	RecordedSimulation	87	END	1535943503973	1535943512605
USER	RecordedSimulation	174	START	1535943512673	1535943512673
REQUEST	RecordedSimulation	164		Request 1 - Login	1535943511673	1535943512678	OK	 
REQUEST	RecordedSimulation	152		Request 2 - Livros	1535943512493	1535943512696	OK	 
REQUEST	RecordedSimulation	88		Request 3 - Compra	1535943511302	1535943512705	OK	 
USER	RecordedSimulation	88	END	1535943504073	1535943512706
USER	RecordedSimulation	175	START	1535943512773	1535943512773
REQUEST	RecordedSimulation	165		Request 1 - Login	1535943511773	1535943512778	OK	 
REQUEST	RecordedSimulation	153		Request 2 - Livros	1535943512593	1535943512796	OK	 
REQUEST	RecordedSimulation	89		Request 3 - Compra	1535943511403	1535943512806	OK	 
USER	RecordedSimulation	89	END	1535943504173	1535943512806
USER	RecordedSimulation	176	START	1535943512873	1535943512873
REQUEST	RecordedSimulation	166		Request 1 - Login	1535943511873	1535943512878	OK	 
REQUEST	RecordedSimulation	154		Request 2 - Livros	1535943512692	1535943512895	OK	 
REQUEST	RecordedSimulation	90		Request 3 - Compra	1535943511503	1535943512906	OK	 
USER	RecordedSimulation	90	END	1535943504272	1535943512906
USER	RecordedSimulation	177	START	1535943512972	1535943512972
REQUEST	RecordedSimulation	167		Request 1 - Login	1535943511973	1535943512977	OK	 
REQUEST	RecordedSimulation	155		Request 2 - Livros	1535943512793	1535943512997	OK	 
REQUEST	RecordedSimulation	91		Request 3 - Compra	1535943511603	1535943513007	OK	 
USER	RecordedSimulation	91	END	1535943504373	1535943513007
USER	RecordedSimulation	178	START	1535943513073	1535943513073
REQUEST	RecordedSimulation	168		Request 1 - Login	1535943512073	1535943513078	OK	 
REQUEST	RecordedSimulation	156		Request 2 - Livros	1535943512893	1535943513095	OK	 
REQUEST	RecordedSimulation	92		Request 3 - Compra	1535943511703	1535943513106	OK	 
USER	RecordedSimulation	92	END	1535943504473	1535943513106
USER	RecordedSimulation	179	START	1535943513173	1535943513173
REQUEST	RecordedSimulation	169		Request 1 - Login	1535943512173	1535943513178	OK	 
REQUEST	RecordedSimulation	157		Request 2 - Livros	1535943512993	1535943513195	OK	 
REQUEST	RecordedSimulation	93		Request 3 - Compra	1535943511802	1535943513205	OK	 
USER	RecordedSimulation	93	END	1535943504573	1535943513206
USER	RecordedSimulation	180	START	1535943513272	1535943513272
REQUEST	RecordedSimulation	170		Request 1 - Login	1535943512273	1535943513278	OK	 
REQUEST	RecordedSimulation	158		Request 2 - Livros	1535943513093	1535943513296	OK	 
REQUEST	RecordedSimulation	94		Request 3 - Compra	1535943511903	1535943513305	OK	 
USER	RecordedSimulation	94	END	1535943504673	1535943513306
USER	RecordedSimulation	181	START	1535943513372	1535943513372
REQUEST	RecordedSimulation	171		Request 1 - Login	1535943512373	1535943513377	OK	 
REQUEST	RecordedSimulation	159		Request 2 - Livros	1535943513193	1535943513395	OK	 
REQUEST	RecordedSimulation	95		Request 3 - Compra	1535943512003	1535943513405	OK	 
USER	RecordedSimulation	95	END	1535943504773	1535943513405
USER	RecordedSimulation	182	START	1535943513473	1535943513473
REQUEST	RecordedSimulation	172		Request 1 - Login	1535943512473	1535943513478	OK	 
REQUEST	RecordedSimulation	160		Request 2 - Livros	1535943513293	1535943513495	OK	 
REQUEST	RecordedSimulation	96		Request 3 - Compra	1535943512103	1535943513505	OK	 
USER	RecordedSimulation	96	END	1535943504873	1535943513506
USER	RecordedSimulation	183	START	1535943513573	1535943513573
REQUEST	RecordedSimulation	173		Request 1 - Login	1535943512574	1535943513579	OK	 
REQUEST	RecordedSimulation	161		Request 2 - Livros	1535943513393	1535943513594	OK	 
REQUEST	RecordedSimulation	97		Request 3 - Compra	1535943512203	1535943513606	OK	 
USER	RecordedSimulation	97	END	1535943504972	1535943513607
USER	RecordedSimulation	184	START	1535943513673	1535943513673
REQUEST	RecordedSimulation	174		Request 1 - Login	1535943512674	1535943513677	OK	 
REQUEST	RecordedSimulation	162		Request 2 - Livros	1535943513492	1535943513694	OK	 
REQUEST	RecordedSimulation	98		Request 3 - Compra	1535943512303	1535943513706	OK	 
USER	RecordedSimulation	98	END	1535943505073	1535943513706
USER	RecordedSimulation	185	START	1535943513772	1535943513772
REQUEST	RecordedSimulation	175		Request 1 - Login	1535943512773	1535943513777	OK	 
REQUEST	RecordedSimulation	163		Request 2 - Livros	1535943513592	1535943513794	OK	 
REQUEST	RecordedSimulation	99		Request 3 - Compra	1535943512403	1535943513807	OK	 
USER	RecordedSimulation	99	END	1535943505173	1535943513808
USER	RecordedSimulation	186	START	1535943513873	1535943513873
REQUEST	RecordedSimulation	176		Request 1 - Login	1535943512873	1535943513877	OK	 
REQUEST	RecordedSimulation	164		Request 2 - Livros	1535943513693	1535943513896	OK	 
REQUEST	RecordedSimulation	100		Request 3 - Compra	1535943512503	1535943513907	OK	 
USER	RecordedSimulation	100	END	1535943505273	1535943513907
USER	RecordedSimulation	187	START	1535943513973	1535943513973
REQUEST	RecordedSimulation	177		Request 1 - Login	1535943512973	1535943513976	OK	 
REQUEST	RecordedSimulation	165		Request 2 - Livros	1535943513793	1535943513996	OK	 
REQUEST	RecordedSimulation	101		Request 3 - Compra	1535943512603	1535943514006	OK	 
USER	RecordedSimulation	101	END	1535943505372	1535943514006
USER	RecordedSimulation	188	START	1535943514072	1535943514072
REQUEST	RecordedSimulation	178		Request 1 - Login	1535943513073	1535943514078	OK	 
REQUEST	RecordedSimulation	166		Request 2 - Livros	1535943513893	1535943514097	OK	 
REQUEST	RecordedSimulation	102		Request 3 - Compra	1535943512703	1535943514106	OK	 
USER	RecordedSimulation	102	END	1535943505472	1535943514107
USER	RecordedSimulation	189	START	1535943514172	1535943514172
REQUEST	RecordedSimulation	179		Request 1 - Login	1535943513173	1535943514176	OK	 
REQUEST	RecordedSimulation	167		Request 2 - Livros	1535943513993	1535943514195	OK	 
REQUEST	RecordedSimulation	103		Request 3 - Compra	1535943512803	1535943514207	OK	 
USER	RecordedSimulation	103	END	1535943505572	1535943514208
USER	RecordedSimulation	190	START	1535943514273	1535943514273
REQUEST	RecordedSimulation	180		Request 1 - Login	1535943513273	1535943514276	OK	 
REQUEST	RecordedSimulation	168		Request 2 - Livros	1535943514093	1535943514297	OK	 
REQUEST	RecordedSimulation	104		Request 3 - Compra	1535943512903	1535943514306	OK	 
USER	RecordedSimulation	104	END	1535943505673	1535943514307
USER	RecordedSimulation	191	START	1535943514372	1535943514372
REQUEST	RecordedSimulation	181		Request 1 - Login	1535943513372	1535943514382	OK	 
REQUEST	RecordedSimulation	169		Request 2 - Livros	1535943514193	1535943514395	OK	 
REQUEST	RecordedSimulation	105		Request 3 - Compra	1535943513003	1535943514407	OK	 
USER	RecordedSimulation	105	END	1535943505773	1535943514407
USER	RecordedSimulation	192	START	1535943514472	1535943514472
REQUEST	RecordedSimulation	182		Request 1 - Login	1535943513473	1535943514477	OK	 
REQUEST	RecordedSimulation	170		Request 2 - Livros	1535943514293	1535943514495	OK	 
REQUEST	RecordedSimulation	106		Request 3 - Compra	1535943513103	1535943514506	OK	 
USER	RecordedSimulation	106	END	1535943505872	1535943514507
USER	RecordedSimulation	193	START	1535943514573	1535943514573
REQUEST	RecordedSimulation	183		Request 1 - Login	1535943513573	1535943514576	OK	 
REQUEST	RecordedSimulation	171		Request 2 - Livros	1535943514393	1535943514596	OK	 
REQUEST	RecordedSimulation	107		Request 3 - Compra	1535943513203	1535943514605	OK	 
USER	RecordedSimulation	107	END	1535943505973	1535943514606
USER	RecordedSimulation	194	START	1535943514673	1535943514673
REQUEST	RecordedSimulation	184		Request 1 - Login	1535943513673	1535943514677	OK	 
REQUEST	RecordedSimulation	172		Request 2 - Livros	1535943514493	1535943514696	OK	 
REQUEST	RecordedSimulation	108		Request 3 - Compra	1535943513303	1535943514706	OK	 
USER	RecordedSimulation	108	END	1535943506073	1535943514707
USER	RecordedSimulation	195	START	1535943514773	1535943514773
REQUEST	RecordedSimulation	185		Request 1 - Login	1535943513773	1535943514778	OK	 
REQUEST	RecordedSimulation	173		Request 2 - Livros	1535943514593	1535943514796	OK	 
REQUEST	RecordedSimulation	109		Request 3 - Compra	1535943513403	1535943514805	OK	 
USER	RecordedSimulation	109	END	1535943506173	1535943514806
USER	RecordedSimulation	196	START	1535943514873	1535943514873
REQUEST	RecordedSimulation	186		Request 1 - Login	1535943513873	1535943514877	OK	 
REQUEST	RecordedSimulation	174		Request 2 - Livros	1535943514693	1535943514897	OK	 
REQUEST	RecordedSimulation	110		Request 3 - Compra	1535943513503	1535943514905	OK	 
USER	RecordedSimulation	110	END	1535943506273	1535943514906
USER	RecordedSimulation	197	START	1535943514972	1535943514972
REQUEST	RecordedSimulation	187		Request 1 - Login	1535943513973	1535943514976	OK	 
REQUEST	RecordedSimulation	175		Request 2 - Livros	1535943514793	1535943514996	OK	 
REQUEST	RecordedSimulation	111		Request 3 - Compra	1535943513602	1535943515005	OK	 
USER	RecordedSimulation	111	END	1535943506372	1535943515006
USER	RecordedSimulation	198	START	1535943515073	1535943515073
REQUEST	RecordedSimulation	188		Request 1 - Login	1535943514073	1535943515078	OK	 
REQUEST	RecordedSimulation	176		Request 2 - Livros	1535943514893	1535943515095	OK	 
REQUEST	RecordedSimulation	112		Request 3 - Compra	1535943513703	1535943515106	OK	 
USER	RecordedSimulation	112	END	1535943506473	1535943515106
USER	RecordedSimulation	199	START	1535943515173	1535943515173
REQUEST	RecordedSimulation	189		Request 1 - Login	1535943514173	1535943515177	OK	 
REQUEST	RecordedSimulation	177		Request 2 - Livros	1535943514993	1535943515196	OK	 
REQUEST	RecordedSimulation	113		Request 3 - Compra	1535943513803	1535943515206	OK	 
USER	RecordedSimulation	113	END	1535943506573	1535943515206
USER	RecordedSimulation	200	START	1535943515273	1535943515273
REQUEST	RecordedSimulation	190		Request 1 - Login	1535943514273	1535943515278	OK	 
REQUEST	RecordedSimulation	178		Request 2 - Livros	1535943515093	1535943515295	OK	 
REQUEST	RecordedSimulation	114		Request 3 - Compra	1535943513903	1535943515305	OK	 
USER	RecordedSimulation	114	END	1535943506672	1535943515306
REQUEST	RecordedSimulation	191		Request 1 - Login	1535943514373	1535943515384	OK	 
REQUEST	RecordedSimulation	179		Request 2 - Livros	1535943515193	1535943515395	OK	 
REQUEST	RecordedSimulation	115		Request 3 - Compra	1535943514003	1535943515406	OK	 
USER	RecordedSimulation	115	END	1535943506773	1535943515406
REQUEST	RecordedSimulation	192		Request 1 - Login	1535943514473	1535943515477	OK	 
REQUEST	RecordedSimulation	180		Request 2 - Livros	1535943515293	1535943515495	OK	 
REQUEST	RecordedSimulation	116		Request 3 - Compra	1535943514103	1535943515506	OK	 
USER	RecordedSimulation	116	END	1535943506873	1535943515507
REQUEST	RecordedSimulation	193		Request 1 - Login	1535943514573	1535943515578	OK	 
REQUEST	RecordedSimulation	181		Request 2 - Livros	1535943515393	1535943515596	OK	 
REQUEST	RecordedSimulation	117		Request 3 - Compra	1535943514203	1535943515605	OK	 
USER	RecordedSimulation	117	END	1535943506973	1535943515606
REQUEST	RecordedSimulation	194		Request 1 - Login	1535943514673	1535943515678	OK	 
REQUEST	RecordedSimulation	182		Request 2 - Livros	1535943515493	1535943515696	OK	 
REQUEST	RecordedSimulation	118		Request 3 - Compra	1535943514303	1535943515707	OK	 
USER	RecordedSimulation	118	END	1535943507073	1535943515708
REQUEST	RecordedSimulation	195		Request 1 - Login	1535943514774	1535943515779	OK	 
REQUEST	RecordedSimulation	183		Request 2 - Livros	1535943515593	1535943515798	OK	 
REQUEST	RecordedSimulation	119		Request 3 - Compra	1535943514402	1535943515806	OK	 
USER	RecordedSimulation	119	END	1535943507173	1535943515807
REQUEST	RecordedSimulation	196		Request 1 - Login	1535943514873	1535943515879	OK	 
REQUEST	RecordedSimulation	184		Request 2 - Livros	1535943515694	1535943515897	OK	 
REQUEST	RecordedSimulation	120		Request 3 - Compra	1535943514503	1535943515907	OK	 
USER	RecordedSimulation	120	END	1535943507272	1535943515907
REQUEST	RecordedSimulation	197		Request 1 - Login	1535943514973	1535943515976	OK	 
REQUEST	RecordedSimulation	185		Request 2 - Livros	1535943515793	1535943515997	OK	 
REQUEST	RecordedSimulation	121		Request 3 - Compra	1535943514603	1535943516008	OK	 
USER	RecordedSimulation	121	END	1535943507372	1535943516009
REQUEST	RecordedSimulation	198		Request 1 - Login	1535943515073	1535943516078	OK	 
REQUEST	RecordedSimulation	186		Request 2 - Livros	1535943515893	1535943516096	OK	 
REQUEST	RecordedSimulation	122		Request 3 - Compra	1535943514704	1535943516107	OK	 
USER	RecordedSimulation	122	END	1535943507472	1535943516108
REQUEST	RecordedSimulation	199		Request 1 - Login	1535943515173	1535943516176	OK	 
REQUEST	RecordedSimulation	187		Request 2 - Livros	1535943515993	1535943516195	OK	 
REQUEST	RecordedSimulation	123		Request 3 - Compra	1535943514803	1535943516205	OK	 
USER	RecordedSimulation	123	END	1535943507573	1535943516206
REQUEST	RecordedSimulation	200		Request 1 - Login	1535943515273	1535943516276	OK	 
REQUEST	RecordedSimulation	188		Request 2 - Livros	1535943516093	1535943516297	OK	 
REQUEST	RecordedSimulation	124		Request 3 - Compra	1535943514903	1535943516307	OK	 
USER	RecordedSimulation	124	END	1535943507673	1535943516311
REQUEST	RecordedSimulation	189		Request 2 - Livros	1535943516193	1535943516396	OK	 
REQUEST	RecordedSimulation	125		Request 3 - Compra	1535943515003	1535943516406	OK	 
USER	RecordedSimulation	125	END	1535943507773	1535943516407
REQUEST	RecordedSimulation	190		Request 2 - Livros	1535943516293	1535943516496	OK	 
REQUEST	RecordedSimulation	126		Request 3 - Compra	1535943515102	1535943516513	OK	 
USER	RecordedSimulation	126	END	1535943507872	1535943516514
REQUEST	RecordedSimulation	127		Request 3 - Compra	1535943515203	1535943516606	OK	 
USER	RecordedSimulation	127	END	1535943507973	1535943516607
REQUEST	RecordedSimulation	191		Request 2 - Livros	1535943516403	1535943516608	OK	 
REQUEST	RecordedSimulation	192		Request 2 - Livros	1535943516493	1535943516696	OK	 
REQUEST	RecordedSimulation	128		Request 3 - Compra	1535943515303	1535943516706	OK	 
USER	RecordedSimulation	128	END	1535943508073	1535943516707
REQUEST	RecordedSimulation	193		Request 2 - Livros	1535943516593	1535943516797	OK	 
REQUEST	RecordedSimulation	129		Request 3 - Compra	1535943515403	1535943516806	OK	 
USER	RecordedSimulation	129	END	1535943508173	1535943516806
REQUEST	RecordedSimulation	194		Request 2 - Livros	1535943516693	1535943516896	OK	 
REQUEST	RecordedSimulation	130		Request 3 - Compra	1535943515503	1535943516906	OK	 
USER	RecordedSimulation	130	END	1535943508273	1535943516907
REQUEST	RecordedSimulation	195		Request 2 - Livros	1535943516794	1535943516997	OK	 
REQUEST	RecordedSimulation	131		Request 3 - Compra	1535943515603	1535943517006	OK	 
USER	RecordedSimulation	131	END	1535943508373	1535943517006
REQUEST	RecordedSimulation	196		Request 2 - Livros	1535943516893	1535943517096	OK	 
REQUEST	RecordedSimulation	132		Request 3 - Compra	1535943515703	1535943517105	OK	 
USER	RecordedSimulation	132	END	1535943508473	1535943517106
REQUEST	RecordedSimulation	197		Request 2 - Livros	1535943516993	1535943517195	OK	 
REQUEST	RecordedSimulation	133		Request 3 - Compra	1535943515803	1535943517206	OK	 
USER	RecordedSimulation	133	END	1535943508573	1535943517207
REQUEST	RecordedSimulation	198		Request 2 - Livros	1535943517093	1535943517295	OK	 
REQUEST	RecordedSimulation	134		Request 3 - Compra	1535943515903	1535943517306	OK	 
USER	RecordedSimulation	134	END	1535943508673	1535943517306
REQUEST	RecordedSimulation	199		Request 2 - Livros	1535943517193	1535943517394	OK	 
REQUEST	RecordedSimulation	135		Request 3 - Compra	1535943516003	1535943517405	OK	 
USER	RecordedSimulation	135	END	1535943508773	1535943517406
REQUEST	RecordedSimulation	200		Request 2 - Livros	1535943517293	1535943517494	OK	 
REQUEST	RecordedSimulation	136		Request 3 - Compra	1535943516103	1535943517506	OK	 
USER	RecordedSimulation	136	END	1535943508873	1535943517507
REQUEST	RecordedSimulation	137		Request 3 - Compra	1535943516203	1535943517606	OK	 
USER	RecordedSimulation	137	END	1535943508973	1535943517607
REQUEST	RecordedSimulation	138		Request 3 - Compra	1535943516303	1535943517707	OK	 
USER	RecordedSimulation	138	END	1535943509073	1535943517708
REQUEST	RecordedSimulation	139		Request 3 - Compra	1535943516403	1535943517807	OK	 
USER	RecordedSimulation	139	END	1535943509173	1535943517808
REQUEST	RecordedSimulation	140		Request 3 - Compra	1535943516503	1535943517906	OK	 
USER	RecordedSimulation	140	END	1535943509273	1535943517907
REQUEST	RecordedSimulation	141		Request 3 - Compra	1535943516604	1535943518007	OK	 
USER	RecordedSimulation	141	END	1535943509373	1535943518008
REQUEST	RecordedSimulation	142		Request 3 - Compra	1535943516703	1535943518108	OK	 
USER	RecordedSimulation	142	END	1535943509472	1535943518109
REQUEST	RecordedSimulation	143		Request 3 - Compra	1535943516803	1535943518206	OK	 
USER	RecordedSimulation	143	END	1535943509573	1535943518207
REQUEST	RecordedSimulation	144		Request 3 - Compra	1535943516903	1535943518307	OK	 
USER	RecordedSimulation	144	END	1535943509673	1535943518308
REQUEST	RecordedSimulation	145		Request 3 - Compra	1535943517003	1535943518406	OK	 
USER	RecordedSimulation	145	END	1535943509773	1535943518407
REQUEST	RecordedSimulation	146		Request 3 - Compra	1535943517103	1535943518506	OK	 
USER	RecordedSimulation	146	END	1535943509873	1535943518507
REQUEST	RecordedSimulation	147		Request 3 - Compra	1535943517203	1535943518606	OK	 
USER	RecordedSimulation	147	END	1535943509972	1535943518607
REQUEST	RecordedSimulation	148		Request 3 - Compra	1535943517303	1535943518706	OK	 
USER	RecordedSimulation	148	END	1535943510072	1535943518707
REQUEST	RecordedSimulation	149		Request 3 - Compra	1535943517402	1535943518805	OK	 
USER	RecordedSimulation	149	END	1535943510173	1535943518806
REQUEST	RecordedSimulation	150		Request 3 - Compra	1535943517502	1535943518906	OK	 
USER	RecordedSimulation	150	END	1535943510273	1535943518907
REQUEST	RecordedSimulation	151		Request 3 - Compra	1535943517603	1535943519007	OK	 
USER	RecordedSimulation	151	END	1535943510373	1535943519008
REQUEST	RecordedSimulation	152		Request 3 - Compra	1535943517703	1535943519106	OK	 
USER	RecordedSimulation	152	END	1535943510473	1535943519106
REQUEST	RecordedSimulation	153		Request 3 - Compra	1535943517803	1535943519206	OK	 
USER	RecordedSimulation	153	END	1535943510573	1535943519206
REQUEST	RecordedSimulation	154		Request 3 - Compra	1535943517903	1535943519306	OK	 
USER	RecordedSimulation	154	END	1535943510672	1535943519307
REQUEST	RecordedSimulation	155		Request 3 - Compra	1535943518003	1535943519406	OK	 
USER	RecordedSimulation	155	END	1535943510773	1535943519407
REQUEST	RecordedSimulation	156		Request 3 - Compra	1535943518104	1535943519506	OK	 
USER	RecordedSimulation	156	END	1535943510873	1535943519507
REQUEST	RecordedSimulation	157		Request 3 - Compra	1535943518203	1535943519605	OK	 
USER	RecordedSimulation	157	END	1535943510973	1535943519606
REQUEST	RecordedSimulation	158		Request 3 - Compra	1535943518303	1535943519707	OK	 
USER	RecordedSimulation	158	END	1535943511073	1535943519708
REQUEST	RecordedSimulation	159		Request 3 - Compra	1535943518403	1535943519806	OK	 
USER	RecordedSimulation	159	END	1535943511173	1535943519807
REQUEST	RecordedSimulation	160		Request 3 - Compra	1535943518503	1535943519907	OK	 
USER	RecordedSimulation	160	END	1535943511273	1535943519908
REQUEST	RecordedSimulation	161		Request 3 - Compra	1535943518603	1535943520007	OK	 
USER	RecordedSimulation	161	END	1535943511373	1535943520008
REQUEST	RecordedSimulation	162		Request 3 - Compra	1535943518704	1535943520108	OK	 
USER	RecordedSimulation	162	END	1535943511473	1535943520108
REQUEST	RecordedSimulation	163		Request 3 - Compra	1535943518803	1535943520207	OK	 
USER	RecordedSimulation	163	END	1535943511572	1535943520208
REQUEST	RecordedSimulation	164		Request 3 - Compra	1535943518903	1535943520307	OK	 
USER	RecordedSimulation	164	END	1535943511673	1535943520308
REQUEST	RecordedSimulation	165		Request 3 - Compra	1535943519003	1535943520406	OK	 
USER	RecordedSimulation	165	END	1535943511773	1535943520407
REQUEST	RecordedSimulation	166		Request 3 - Compra	1535943519103	1535943520506	OK	 
USER	RecordedSimulation	166	END	1535943511872	1535943520507
REQUEST	RecordedSimulation	167		Request 3 - Compra	1535943519203	1535943520605	OK	 
USER	RecordedSimulation	167	END	1535943511973	1535943520606
REQUEST	RecordedSimulation	168		Request 3 - Compra	1535943519302	1535943520705	OK	 
USER	RecordedSimulation	168	END	1535943512072	1535943520705
REQUEST	RecordedSimulation	169		Request 3 - Compra	1535943519402	1535943520805	OK	 
USER	RecordedSimulation	169	END	1535943512173	1535943520807
REQUEST	RecordedSimulation	170		Request 3 - Compra	1535943519503	1535943520906	OK	 
USER	RecordedSimulation	170	END	1535943512273	1535943520907
REQUEST	RecordedSimulation	171		Request 3 - Compra	1535943519603	1535943521008	OK	 
USER	RecordedSimulation	171	END	1535943512373	1535943521009
REQUEST	RecordedSimulation	172		Request 3 - Compra	1535943519703	1535943521105	OK	 
USER	RecordedSimulation	172	END	1535943512473	1535943521106
REQUEST	RecordedSimulation	173		Request 3 - Compra	1535943519802	1535943521206	OK	 
USER	RecordedSimulation	173	END	1535943512573	1535943521206
REQUEST	RecordedSimulation	174		Request 3 - Compra	1535943519903	1535943521306	OK	 
USER	RecordedSimulation	174	END	1535943512673	1535943521307
REQUEST	RecordedSimulation	175		Request 3 - Compra	1535943520003	1535943521406	OK	 
USER	RecordedSimulation	175	END	1535943512773	1535943521406
REQUEST	RecordedSimulation	176		Request 3 - Compra	1535943520103	1535943521507	OK	 
USER	RecordedSimulation	176	END	1535943512873	1535943521507
REQUEST	RecordedSimulation	177		Request 3 - Compra	1535943520204	1535943521608	OK	 
USER	RecordedSimulation	177	END	1535943512972	1535943521608
REQUEST	RecordedSimulation	178		Request 3 - Compra	1535943520304	1535943521707	OK	 
USER	RecordedSimulation	178	END	1535943513073	1535943521708
REQUEST	RecordedSimulation	179		Request 3 - Compra	1535943520403	1535943521807	OK	 
USER	RecordedSimulation	179	END	1535943513173	1535943521808
REQUEST	RecordedSimulation	180		Request 3 - Compra	1535943520493	1535943521897	OK	 
USER	RecordedSimulation	180	END	1535943513272	1535943521899
REQUEST	RecordedSimulation	181		Request 3 - Compra	1535943520603	1535943522007	OK	 
USER	RecordedSimulation	181	END	1535943513372	1535943522008
REQUEST	RecordedSimulation	182		Request 3 - Compra	1535943520703	1535943522106	OK	 
USER	RecordedSimulation	182	END	1535943513473	1535943522107
REQUEST	RecordedSimulation	183		Request 3 - Compra	1535943520803	1535943522207	OK	 
USER	RecordedSimulation	183	END	1535943513573	1535943522208
REQUEST	RecordedSimulation	184		Request 3 - Compra	1535943520903	1535943522307	OK	 
USER	RecordedSimulation	184	END	1535943513673	1535943522308
REQUEST	RecordedSimulation	185		Request 3 - Compra	1535943521003	1535943522407	OK	 
USER	RecordedSimulation	185	END	1535943513772	1535943522408
REQUEST	RecordedSimulation	186		Request 3 - Compra	1535943521103	1535943522506	OK	 
USER	RecordedSimulation	186	END	1535943513873	1535943522507
REQUEST	RecordedSimulation	187		Request 3 - Compra	1535943521202	1535943522605	OK	 
USER	RecordedSimulation	187	END	1535943513973	1535943522606
REQUEST	RecordedSimulation	188		Request 3 - Compra	1535943521302	1535943522705	OK	 
USER	RecordedSimulation	188	END	1535943514072	1535943522706
REQUEST	RecordedSimulation	189		Request 3 - Compra	1535943521403	1535943522806	OK	 
USER	RecordedSimulation	189	END	1535943514172	1535943522807
REQUEST	RecordedSimulation	190		Request 3 - Compra	1535943521503	1535943522907	OK	 
USER	RecordedSimulation	190	END	1535943514273	1535943522908
REQUEST	RecordedSimulation	191		Request 3 - Compra	1535943521603	1535943523007	OK	 
USER	RecordedSimulation	191	END	1535943514372	1535943523008
REQUEST	RecordedSimulation	192		Request 3 - Compra	1535943521703	1535943523106	OK	 
USER	RecordedSimulation	192	END	1535943514472	1535943523106
REQUEST	RecordedSimulation	193		Request 3 - Compra	1535943521803	1535943523206	OK	 
USER	RecordedSimulation	193	END	1535943514573	1535943523207
REQUEST	RecordedSimulation	194		Request 3 - Compra	1535943521903	1535943523306	OK	 
USER	RecordedSimulation	194	END	1535943514673	1535943523306
REQUEST	RecordedSimulation	195		Request 3 - Compra	1535943522004	1535943523406	OK	 
USER	RecordedSimulation	195	END	1535943514773	1535943523407
REQUEST	RecordedSimulation	196		Request 3 - Compra	1535943522103	1535943523507	OK	 
USER	RecordedSimulation	196	END	1535943514873	1535943523508
REQUEST	RecordedSimulation	197		Request 3 - Compra	1535943522203	1535943523606	OK	 
USER	RecordedSimulation	197	END	1535943514972	1535943523607
REQUEST	RecordedSimulation	198		Request 3 - Compra	1535943522303	1535943523707	OK	 
USER	RecordedSimulation	198	END	1535943515073	1535943523708
REQUEST	RecordedSimulation	199		Request 3 - Compra	1535943522403	1535943523807	OK	 
USER	RecordedSimulation	199	END	1535943515173	1535943523808
REQUEST	RecordedSimulation	200		Request 3 - Compra	1535943522503	1535943523908	OK	 
USER	RecordedSimulation	200	END	1535943515273	1535943523909
